Executing (default): CREATE TABLE IF NOT EXISTS `events` (`id` VARCHAR(255) NOT NULL , `userID` CHAR(36) BINARY NOT NULL, `regionID` INTEGER NOT NULL, `locality` VARCHAR(255) NOT NULL, `school` VARCHAR(255) NOT NULL, `ideasCNT` INTEGER DEFAULT 0, `participantsCNT` INTEGER DEFAULT 0, `isDeleted` TINYINT(1) DEFAULT false, `createdAt` DATETIME NOT NULL, `updatedAt` DATETIME NOT NULL, PRIMARY KEY (`id`)) ENGINE=InnoDB;
Executing (default): SHOW FULL COLUMNS FROM `events`;
Executing (default): SELECT CONSTRAINT_NAME as constraint_name,CONSTRAINT_NAME as constraintName,CONSTRAINT_SCHEMA as constraintSchema,CONSTRAINT_SCHEMA as constraintCatalog,TABLE_NAME as tableName,TABLE_SCHEMA as tableSchema,TABLE_SCHEMA as tableCatalog,COLUMN_NAME as columnName,REFERENCED_TABLE_SCHEMA as referencedTableSchema,REFERENCED_TABLE_SCHEMA as referencedTableCatalog,REFERENCED_TABLE_NAME as referencedTableName,REFERENCED_COLUMN_NAME as referencedColumnName FROM INFORMATION_SCHEMA.KEY_COLUMN_USAGE where TABLE_NAME = 'events' AND CONSTRAINT_NAME!='PRIMARY' AND CONSTRAINT_SCHEMA='civitas_lite' AND REFERENCED_TABLE_NAME IS NOT NULL;
Executing (default): ALTER TABLE `events` ADD `isDeleted` TINYINT(1) DEFAULT false;
Executing (default): ALTER TABLE `events` CHANGE `userID` `userID` CHAR(36) BINARY NOT NULL;
Executing (default): ALTER TABLE `events` CHANGE `regionID` `regionID` INTEGER NOT NULL;
Executing (default): ALTER TABLE `events` CHANGE `locality` `locality` VARCHAR(255) NOT NULL;
Executing (default): ALTER TABLE `events` CHANGE `school` `school` VARCHAR(255) NOT NULL;
Executing (default): ALTER TABLE `events` CHANGE `ideasCNT` `ideasCNT` INTEGER DEFAULT 0;
Executing (default): ALTER TABLE `events` CHANGE `participantsCNT` `participantsCNT` INTEGER DEFAULT 0;
Executing (default): ALTER TABLE `events` CHANGE `createdAt` `createdAt` DATETIME NOT NULL;
Executing (default): ALTER TABLE `events` CHANGE `updatedAt` `updatedAt` DATETIME NOT NULL;
Executing (default): SHOW INDEX FROM `events` FROM `civitas_lite`
Executing (default): CREATE TABLE IF NOT EXISTS `inboxes` (`id` BIGINT auto_increment , `method` VARCHAR(10), `path` VARCHAR(255), `hostname` VARCHAR(255), `ip` VARCHAR(255), `data` JSON, `createdAt` DATETIME NOT NULL, PRIMARY KEY (`id`)) ENGINE=InnoDB;
Executing (default): SHOW FULL COLUMNS FROM `inboxes`;
Executing (default): SELECT CONSTRAINT_NAME as constraint_name,CONSTRAINT_NAME as constraintName,CONSTRAINT_SCHEMA as constraintSchema,CONSTRAINT_SCHEMA as constraintCatalog,TABLE_NAME as tableName,TABLE_SCHEMA as tableSchema,TABLE_SCHEMA as tableCatalog,COLUMN_NAME as columnName,REFERENCED_TABLE_SCHEMA as referencedTableSchema,REFERENCED_TABLE_SCHEMA as referencedTableCatalog,REFERENCED_TABLE_NAME as referencedTableName,REFERENCED_COLUMN_NAME as referencedColumnName FROM INFORMATION_SCHEMA.KEY_COLUMN_USAGE where TABLE_NAME = 'inboxes' AND CONSTRAINT_NAME!='PRIMARY' AND CONSTRAINT_SCHEMA='civitas_lite' AND REFERENCED_TABLE_NAME IS NOT NULL;
Executing (default): ALTER TABLE `inboxes` CHANGE `method` `method` VARCHAR(10);
Executing (default): ALTER TABLE `inboxes` CHANGE `path` `path` VARCHAR(255);
Executing (default): ALTER TABLE `inboxes` CHANGE `hostname` `hostname` VARCHAR(255);
Executing (default): ALTER TABLE `inboxes` CHANGE `ip` `ip` VARCHAR(255);
Executing (default): ALTER TABLE `inboxes` CHANGE `data` `data` JSON;
Executing (default): ALTER TABLE `inboxes` CHANGE `createdAt` `createdAt` DATETIME NOT NULL;
Executing (default): SHOW INDEX FROM `inboxes` FROM `civitas_lite`
Executing (default): CREATE TABLE IF NOT EXISTS `logs` (`id` BIGINT auto_increment , `userID` CHAR(36) BINARY, `aimModel` VARCHAR(255), `aimID` VARCHAR(255), `action` ENUM('create', 'update', 'delete', 'click'), `previousValue` JSON, `newValue` JSON, `createdAt` DATETIME NOT NULL, PRIMARY KEY (`id`)) ENGINE=InnoDB;
Executing (default): SHOW FULL COLUMNS FROM `logs`;
Executing (default): SELECT CONSTRAINT_NAME as constraint_name,CONSTRAINT_NAME as constraintName,CONSTRAINT_SCHEMA as constraintSchema,CONSTRAINT_SCHEMA as constraintCatalog,TABLE_NAME as tableName,TABLE_SCHEMA as tableSchema,TABLE_SCHEMA as tableCatalog,COLUMN_NAME as columnName,REFERENCED_TABLE_SCHEMA as referencedTableSchema,REFERENCED_TABLE_SCHEMA as referencedTableCatalog,REFERENCED_TABLE_NAME as referencedTableName,REFERENCED_COLUMN_NAME as referencedColumnName FROM INFORMATION_SCHEMA.KEY_COLUMN_USAGE where TABLE_NAME = 'logs' AND CONSTRAINT_NAME!='PRIMARY' AND CONSTRAINT_SCHEMA='civitas_lite' AND REFERENCED_TABLE_NAME IS NOT NULL;
Executing (default): ALTER TABLE `logs` CHANGE `userID` `userID` CHAR(36) BINARY;
Executing (default): ALTER TABLE `logs` CHANGE `aimModel` `aimModel` VARCHAR(255);
Executing (default): ALTER TABLE `logs` CHANGE `aimID` `aimID` VARCHAR(255);
Executing (default): ALTER TABLE `logs` CHANGE `action` `action` ENUM('create', 'update', 'delete', 'click');
Executing (default): ALTER TABLE `logs` CHANGE `previousValue` `previousValue` JSON;
Executing (default): ALTER TABLE `logs` CHANGE `newValue` `newValue` JSON;
Executing (default): ALTER TABLE `logs` CHANGE `createdAt` `createdAt` DATETIME NOT NULL;
Executing (default): SHOW INDEX FROM `logs` FROM `civitas_lite`
Executing (default): CREATE TABLE IF NOT EXISTS `marafonIdeas` (`uuid` CHAR(36) BINARY NOT NULL UNIQUE , `title` TEXT NOT NULL, `description` TEXT NOT NULL, `problem` TEXT, `audience` TEXT, `attracting` TEXT, `resources` TEXT, `steps` TEXT, `regionID` INTEGER NOT NULL, `eventID` VARCHAR(255), `isDeleted` TINYINT(1) DEFAULT false, `createdAt` DATETIME NOT NULL, `updatedAt` DATETIME NOT NULL, PRIMARY KEY (`uuid`)) ENGINE=InnoDB;
Executing (default): SHOW FULL COLUMNS FROM `marafonIdeas`;
Executing (default): SELECT CONSTRAINT_NAME as constraint_name,CONSTRAINT_NAME as constraintName,CONSTRAINT_SCHEMA as constraintSchema,CONSTRAINT_SCHEMA as constraintCatalog,TABLE_NAME as tableName,TABLE_SCHEMA as tableSchema,TABLE_SCHEMA as tableCatalog,COLUMN_NAME as columnName,REFERENCED_TABLE_SCHEMA as referencedTableSchema,REFERENCED_TABLE_SCHEMA as referencedTableCatalog,REFERENCED_TABLE_NAME as referencedTableName,REFERENCED_COLUMN_NAME as referencedColumnName FROM INFORMATION_SCHEMA.KEY_COLUMN_USAGE where TABLE_NAME = 'marafonIdeas' AND CONSTRAINT_NAME!='PRIMARY' AND CONSTRAINT_SCHEMA='civitas_lite' AND REFERENCED_TABLE_NAME IS NOT NULL;
Executing (default): ALTER TABLE `marafonIdeas` CHANGE `title` `title` TEXT NOT NULL;
Executing (default): ALTER TABLE `marafonIdeas` CHANGE `description` `description` TEXT NOT NULL;
Executing (default): ALTER TABLE `marafonIdeas` CHANGE `problem` `problem` TEXT;
Executing (default): ALTER TABLE `marafonIdeas` CHANGE `attracting` `attracting` TEXT;
Executing (default): ALTER TABLE `marafonIdeas` CHANGE `resources` `resources` TEXT;
Executing (default): ALTER TABLE `marafonIdeas` CHANGE `steps` `steps` TEXT;
Executing (default): ALTER TABLE `marafonIdeas` CHANGE `regionID` `regionID` INTEGER NOT NULL;
Executing (default): ALTER TABLE `marafonIdeas` CHANGE `eventID` `eventID` VARCHAR(255);
Executing (default): ALTER TABLE `marafonIdeas` CHANGE `isDeleted` `isDeleted` TINYINT(1) DEFAULT false;
Executing (default): ALTER TABLE `marafonIdeas` CHANGE `createdAt` `createdAt` DATETIME NOT NULL;
Executing (default): ALTER TABLE `marafonIdeas` CHANGE `updatedAt` `updatedAt` DATETIME NOT NULL;
Executing (default): ALTER TABLE `marafonIdeas` CHANGE `audience` `audience` TEXT;
Executing (default): SHOW INDEX FROM `marafonIdeas` FROM `civitas_lite`
Executing (default): CREATE TABLE IF NOT EXISTS `marafonParticipants` (`uuid` CHAR(36) BINARY NOT NULL UNIQUE , `name` VARCHAR(255) NOT NULL, `surname` VARCHAR(255) NOT NULL, `telephone` VARCHAR(16) NOT NULL, `vkID` INTEGER NOT NULL, `regionID` INTEGER NOT NULL, `locality` VARCHAR(255) NOT NULL, `school` VARCHAR(255) NOT NULL, `grade` INTEGER NOT NULL, `ideaID` CHAR(36) BINARY, `eventID` VARCHAR(255), `isDeleted` TINYINT(1) DEFAULT false, `createdAt` DATETIME NOT NULL, `updatedAt` DATETIME NOT NULL, PRIMARY KEY (`uuid`)) ENGINE=InnoDB;
Executing (default): SHOW FULL COLUMNS FROM `marafonParticipants`;
Executing (default): SELECT CONSTRAINT_NAME as constraint_name,CONSTRAINT_NAME as constraintName,CONSTRAINT_SCHEMA as constraintSchema,CONSTRAINT_SCHEMA as constraintCatalog,TABLE_NAME as tableName,TABLE_SCHEMA as tableSchema,TABLE_SCHEMA as tableCatalog,COLUMN_NAME as columnName,REFERENCED_TABLE_SCHEMA as referencedTableSchema,REFERENCED_TABLE_SCHEMA as referencedTableCatalog,REFERENCED_TABLE_NAME as referencedTableName,REFERENCED_COLUMN_NAME as referencedColumnName FROM INFORMATION_SCHEMA.KEY_COLUMN_USAGE where TABLE_NAME = 'marafonParticipants' AND CONSTRAINT_NAME!='PRIMARY' AND CONSTRAINT_SCHEMA='civitas_lite' AND REFERENCED_TABLE_NAME IS NOT NULL;
Executing (default): ALTER TABLE `marafonParticipants` CHANGE `name` `name` VARCHAR(255) NOT NULL;
Executing (default): ALTER TABLE `marafonParticipants` CHANGE `surname` `surname` VARCHAR(255) NOT NULL;
Executing (default): ALTER TABLE `marafonParticipants` CHANGE `telephone` `telephone` VARCHAR(16) NOT NULL;
Executing (default): ALTER TABLE `marafonParticipants` CHANGE `vkID` `vkID` INTEGER NOT NULL;
Executing (default): ALTER TABLE `marafonParticipants` CHANGE `regionID` `regionID` INTEGER NOT NULL;
Executing (default): ALTER TABLE `marafonParticipants` CHANGE `locality` `locality` VARCHAR(255) NOT NULL;
Executing (default): ALTER TABLE `marafonParticipants` CHANGE `school` `school` VARCHAR(255) NOT NULL;
Executing (default): ALTER TABLE `marafonParticipants` CHANGE `grade` `grade` INTEGER NOT NULL;
Executing (default): ALTER TABLE `marafonParticipants` CHANGE `ideaID` `ideaID` CHAR(36) BINARY;
Executing (default): ALTER TABLE `marafonParticipants` CHANGE `eventID` `eventID` VARCHAR(255);
Executing (default): ALTER TABLE `marafonParticipants` CHANGE `isDeleted` `isDeleted` TINYINT(1) DEFAULT false;
Executing (default): ALTER TABLE `marafonParticipants` CHANGE `createdAt` `createdAt` DATETIME NOT NULL;
Executing (default): ALTER TABLE `marafonParticipants` CHANGE `updatedAt` `updatedAt` DATETIME NOT NULL;
Executing (default): SHOW INDEX FROM `marafonParticipants` FROM `civitas_lite`
Executing (default): CREATE TABLE IF NOT EXISTS `participants` (`uuid` CHAR(36) BINARY NOT NULL UNIQUE , `teamID` CHAR(36) BINARY, `name` VARCHAR(255), `surname` VARCHAR(255), `telephone` VARCHAR(16), `birthday` VARCHAR(255), `socialLink` VARCHAR(255), `regionID` INTEGER NOT NULL, `teamName` VARCHAR(255) NOT NULL, `universityName` VARCHAR(255) NOT NULL, `facultyName` VARCHAR(255) NOT NULL, `isDeleted` TINYINT(1) DEFAULT false, `createdAt` DATETIME NOT NULL, `updatedAt` DATETIME NOT NULL, PRIMARY KEY (`uuid`)) ENGINE=InnoDB;
Executing (default): SHOW FULL COLUMNS FROM `participants`;
Executing (default): SELECT CONSTRAINT_NAME as constraint_name,CONSTRAINT_NAME as constraintName,CONSTRAINT_SCHEMA as constraintSchema,CONSTRAINT_SCHEMA as constraintCatalog,TABLE_NAME as tableName,TABLE_SCHEMA as tableSchema,TABLE_SCHEMA as tableCatalog,COLUMN_NAME as columnName,REFERENCED_TABLE_SCHEMA as referencedTableSchema,REFERENCED_TABLE_SCHEMA as referencedTableCatalog,REFERENCED_TABLE_NAME as referencedTableName,REFERENCED_COLUMN_NAME as referencedColumnName FROM INFORMATION_SCHEMA.KEY_COLUMN_USAGE where TABLE_NAME = 'participants' AND CONSTRAINT_NAME!='PRIMARY' AND CONSTRAINT_SCHEMA='civitas_lite' AND REFERENCED_TABLE_NAME IS NOT NULL;
Executing (default): ALTER TABLE `participants` CHANGE `teamID` `teamID` CHAR(36) BINARY;
Executing (default): ALTER TABLE `participants` CHANGE `name` `name` VARCHAR(255);
Executing (default): ALTER TABLE `participants` CHANGE `surname` `surname` VARCHAR(255);
Executing (default): ALTER TABLE `participants` CHANGE `telephone` `telephone` VARCHAR(16);
Executing (default): ALTER TABLE `participants` CHANGE `birthday` `birthday` VARCHAR(255);
Executing (default): ALTER TABLE `participants` CHANGE `socialLink` `socialLink` VARCHAR(255);
Executing (default): ALTER TABLE `participants` CHANGE `regionID` `regionID` INTEGER NOT NULL;
Executing (default): ALTER TABLE `participants` CHANGE `teamName` `teamName` VARCHAR(255) NOT NULL;
Executing (default): ALTER TABLE `participants` CHANGE `universityName` `universityName` VARCHAR(255) NOT NULL;
Executing (default): ALTER TABLE `participants` CHANGE `facultyName` `facultyName` VARCHAR(255) NOT NULL;
Executing (default): ALTER TABLE `participants` CHANGE `isDeleted` `isDeleted` TINYINT(1) DEFAULT false;
Executing (default): ALTER TABLE `participants` CHANGE `createdAt` `createdAt` DATETIME NOT NULL;
Executing (default): ALTER TABLE `participants` CHANGE `updatedAt` `updatedAt` DATETIME NOT NULL;
Executing (default): SHOW INDEX FROM `participants` FROM `civitas_lite`
Executing (default): CREATE TABLE IF NOT EXISTS `regionStatistics` (`regionID` INTEGER NOT NULL UNIQUE , `title` VARCHAR(255), `participantsCNT` INTEGER DEFAULT 0, `ideasCNT` INTEGER DEFAULT 0, `eventsCNT` INTEGER DEFAULT 0, `createdAt` DATETIME NOT NULL, `updatedAt` DATETIME NOT NULL, PRIMARY KEY (`regionID`)) ENGINE=InnoDB;
Executing (default): SHOW FULL COLUMNS FROM `regionStatistics`;
Executing (default): SELECT CONSTRAINT_NAME as constraint_name,CONSTRAINT_NAME as constraintName,CONSTRAINT_SCHEMA as constraintSchema,CONSTRAINT_SCHEMA as constraintCatalog,TABLE_NAME as tableName,TABLE_SCHEMA as tableSchema,TABLE_SCHEMA as tableCatalog,COLUMN_NAME as columnName,REFERENCED_TABLE_SCHEMA as referencedTableSchema,REFERENCED_TABLE_SCHEMA as referencedTableCatalog,REFERENCED_TABLE_NAME as referencedTableName,REFERENCED_COLUMN_NAME as referencedColumnName FROM INFORMATION_SCHEMA.KEY_COLUMN_USAGE where TABLE_NAME = 'regionStatistics' AND CONSTRAINT_NAME!='PRIMARY' AND CONSTRAINT_SCHEMA='civitas_lite' AND REFERENCED_TABLE_NAME IS NOT NULL;
Executing (default): ALTER TABLE `regionStatistics` CHANGE `title` `title` VARCHAR(255);
Executing (default): ALTER TABLE `regionStatistics` CHANGE `participantsCNT` `participantsCNT` INTEGER DEFAULT 0;
Executing (default): ALTER TABLE `regionStatistics` CHANGE `ideasCNT` `ideasCNT` INTEGER DEFAULT 0;
Executing (default): ALTER TABLE `regionStatistics` CHANGE `eventsCNT` `eventsCNT` INTEGER DEFAULT 0;
Executing (default): ALTER TABLE `regionStatistics` CHANGE `createdAt` `createdAt` DATETIME NOT NULL;
Executing (default): ALTER TABLE `regionStatistics` CHANGE `updatedAt` `updatedAt` DATETIME NOT NULL;
Executing (default): SHOW INDEX FROM `regionStatistics` FROM `civitas_lite`
Executing (default): CREATE TABLE IF NOT EXISTS `teams` (`uuid` CHAR(36) BINARY NOT NULL UNIQUE , `name` VARCHAR(255) NOT NULL, `regionID` INTEGER NOT NULL, `universityName` VARCHAR(255) NOT NULL, `facultyName` VARCHAR(255) NOT NULL, `score` INTEGER DEFAULT 0, `membersQuantity` INTEGER, `isDeleted` TINYINT(1) DEFAULT false, `createdAt` DATETIME NOT NULL, `updatedAt` DATETIME NOT NULL, PRIMARY KEY (`uuid`)) ENGINE=InnoDB;
Executing (default): SHOW FULL COLUMNS FROM `teams`;
Executing (default): SELECT CONSTRAINT_NAME as constraint_name,CONSTRAINT_NAME as constraintName,CONSTRAINT_SCHEMA as constraintSchema,CONSTRAINT_SCHEMA as constraintCatalog,TABLE_NAME as tableName,TABLE_SCHEMA as tableSchema,TABLE_SCHEMA as tableCatalog,COLUMN_NAME as columnName,REFERENCED_TABLE_SCHEMA as referencedTableSchema,REFERENCED_TABLE_SCHEMA as referencedTableCatalog,REFERENCED_TABLE_NAME as referencedTableName,REFERENCED_COLUMN_NAME as referencedColumnName FROM INFORMATION_SCHEMA.KEY_COLUMN_USAGE where TABLE_NAME = 'teams' AND CONSTRAINT_NAME!='PRIMARY' AND CONSTRAINT_SCHEMA='civitas_lite' AND REFERENCED_TABLE_NAME IS NOT NULL;
Executing (default): ALTER TABLE `teams` CHANGE `name` `name` VARCHAR(255) NOT NULL;
Executing (default): ALTER TABLE `teams` CHANGE `regionID` `regionID` INTEGER NOT NULL;
Executing (default): ALTER TABLE `teams` CHANGE `universityName` `universityName` VARCHAR(255) NOT NULL;
Executing (default): ALTER TABLE `teams` CHANGE `facultyName` `facultyName` VARCHAR(255) NOT NULL;
Executing (default): ALTER TABLE `teams` CHANGE `score` `score` INTEGER DEFAULT 0;
Executing (default): ALTER TABLE `teams` CHANGE `membersQuantity` `membersQuantity` INTEGER;
Executing (default): ALTER TABLE `teams` CHANGE `isDeleted` `isDeleted` TINYINT(1) DEFAULT false;
Executing (default): ALTER TABLE `teams` CHANGE `createdAt` `createdAt` DATETIME NOT NULL;
Executing (default): ALTER TABLE `teams` CHANGE `updatedAt` `updatedAt` DATETIME NOT NULL;
Executing (default): SHOW INDEX FROM `teams` FROM `civitas_lite`
Executing (default): CREATE TABLE IF NOT EXISTS `tokens` (`id` BIGINT auto_increment , `userID` CHAR(36) BINARY, `refreshToken` VARCHAR(255), `createdAt` DATETIME NOT NULL, `updatedAt` DATETIME NOT NULL, PRIMARY KEY (`id`)) ENGINE=InnoDB;
Executing (default): SHOW FULL COLUMNS FROM `tokens`;
Executing (default): SELECT CONSTRAINT_NAME as constraint_name,CONSTRAINT_NAME as constraintName,CONSTRAINT_SCHEMA as constraintSchema,CONSTRAINT_SCHEMA as constraintCatalog,TABLE_NAME as tableName,TABLE_SCHEMA as tableSchema,TABLE_SCHEMA as tableCatalog,COLUMN_NAME as columnName,REFERENCED_TABLE_SCHEMA as referencedTableSchema,REFERENCED_TABLE_SCHEMA as referencedTableCatalog,REFERENCED_TABLE_NAME as referencedTableName,REFERENCED_COLUMN_NAME as referencedColumnName FROM INFORMATION_SCHEMA.KEY_COLUMN_USAGE where TABLE_NAME = 'tokens' AND CONSTRAINT_NAME!='PRIMARY' AND CONSTRAINT_SCHEMA='civitas_lite' AND REFERENCED_TABLE_NAME IS NOT NULL;
Executing (default): ALTER TABLE `tokens` CHANGE `userID` `userID` CHAR(36) BINARY;
Executing (default): ALTER TABLE `tokens` CHANGE `refreshToken` `refreshToken` VARCHAR(255);
Executing (default): ALTER TABLE `tokens` CHANGE `createdAt` `createdAt` DATETIME NOT NULL;
Executing (default): ALTER TABLE `tokens` CHANGE `updatedAt` `updatedAt` DATETIME NOT NULL;
Executing (default): SHOW INDEX FROM `tokens` FROM `civitas_lite`
Executing (default): CREATE TABLE IF NOT EXISTS `users` (`userID` CHAR(36) BINARY NOT NULL UNIQUE , `invitedBy` CHAR(36) BINARY NOT NULL, `vkID` INTEGER DEFAULT NULL, `regionID` INTEGER NOT NULL, `name` VARCHAR(255) DEFAULT NULL, `photo` VARCHAR(255), `surname` VARCHAR(255) DEFAULT NULL, `isStudent` TINYINT(1) DEFAULT NULL, `birthday` DATETIME DEFAULT NULL, `allowedRegions` LONGTEXT DEFAULT NULL, `status` ENUM('active', 'inactive', 'admin', 'frozen', 'coordinator', 'federal', 'without_access') DEFAULT 'without_access', `participantsCNT` INTEGER DEFAULT 0, `ideasCNT` INTEGER DEFAULT 0, `eventsCNT` INTEGER DEFAULT 0, `invitedCNT` INTEGER DEFAULT 0, `createdAt` DATETIME NOT NULL, `updatedAt` DATETIME NOT NULL, UNIQUE `vkID` (`vkID`), PRIMARY KEY (`userID`)) ENGINE=InnoDB;
Executing (default): SHOW FULL COLUMNS FROM `users`;
Executing (default): SELECT CONSTRAINT_NAME as constraint_name,CONSTRAINT_NAME as constraintName,CONSTRAINT_SCHEMA as constraintSchema,CONSTRAINT_SCHEMA as constraintCatalog,TABLE_NAME as tableName,TABLE_SCHEMA as tableSchema,TABLE_SCHEMA as tableCatalog,COLUMN_NAME as columnName,REFERENCED_TABLE_SCHEMA as referencedTableSchema,REFERENCED_TABLE_SCHEMA as referencedTableCatalog,REFERENCED_TABLE_NAME as referencedTableName,REFERENCED_COLUMN_NAME as referencedColumnName FROM INFORMATION_SCHEMA.KEY_COLUMN_USAGE where TABLE_NAME = 'users' AND CONSTRAINT_NAME!='PRIMARY' AND CONSTRAINT_SCHEMA='civitas_lite' AND REFERENCED_TABLE_NAME IS NOT NULL;
Executing (default): ALTER TABLE `users` CHANGE `vkID` `vkID` INTEGER DEFAULT NULL;
Executing (default): ALTER TABLE `users` CHANGE `regionID` `regionID` INTEGER NOT NULL;
Executing (default): ALTER TABLE `users` CHANGE `name` `name` VARCHAR(255) DEFAULT NULL;
Executing (default): ALTER TABLE `users` CHANGE `surname` `surname` VARCHAR(255) DEFAULT NULL;
Executing (default): ALTER TABLE `users` CHANGE `allowedRegions` `allowedRegions` LONGTEXT DEFAULT NULL;
Executing (default): ALTER TABLE `users` CHANGE `status` `status` ENUM('active', 'inactive', 'admin', 'frozen', 'coordinator', 'federal', 'without_access') DEFAULT 'without_access';
Executing (default): ALTER TABLE `users` CHANGE `createdAt` `createdAt` DATETIME NOT NULL;
Executing (default): ALTER TABLE `users` CHANGE `updatedAt` `updatedAt` DATETIME NOT NULL;
Executing (default): ALTER TABLE `users` CHANGE `invitedBy` `invitedBy` CHAR(36) BINARY NOT NULL;
Executing (default): ALTER TABLE `users` CHANGE `photo` `photo` VARCHAR(255);
Executing (default): ALTER TABLE `users` CHANGE `isStudent` `isStudent` TINYINT(1) DEFAULT NULL;
Executing (default): ALTER TABLE `users` CHANGE `birthday` `birthday` DATETIME DEFAULT NULL;
Executing (default): ALTER TABLE `users` CHANGE `participantsCNT` `participantsCNT` INTEGER DEFAULT 0;
Executing (default): ALTER TABLE `users` CHANGE `ideasCNT` `ideasCNT` INTEGER DEFAULT 0;
Executing (default): ALTER TABLE `users` CHANGE `eventsCNT` `eventsCNT` INTEGER DEFAULT 0;
Executing (default): ALTER TABLE `users` CHANGE `invitedCNT` `invitedCNT` INTEGER DEFAULT 0;
Executing (default): SHOW INDEX FROM `users` FROM `civitas_lite`
Server is alive - 5000
Executing (default): SELECT `regionID`, `title`, `participantsCNT`, `ideasCNT`, `eventsCNT`, `updatedAt` FROM `regionStatistics` AS `regionStatistics` WHERE `regionStatistics`.`participantsCNT` > 0 ORDER BY `regionStatistics`.`participantsCNT` DESC;
Executing (default): SELECT `regionID`, `title`, `participantsCNT`, `ideasCNT`, `eventsCNT`, `updatedAt` FROM `regionStatistics` AS `regionStatistics` WHERE `regionStatistics`.`participantsCNT` > 0 ORDER BY `regionStatistics`.`participantsCNT` DESC;
Executing (default): SELECT `regionID`, `title`, `participantsCNT`, `ideasCNT`, `eventsCNT`, `updatedAt` FROM `regionStatistics` AS `regionStatistics` WHERE `regionStatistics`.`participantsCNT` > 0 ORDER BY `regionStatistics`.`participantsCNT` DESC;
Executing (default): SELECT `regionID`, `title`, `participantsCNT`, `ideasCNT`, `eventsCNT`, `updatedAt` FROM `regionStatistics` AS `regionStatistics` WHERE `regionStatistics`.`participantsCNT` > 0 ORDER BY `regionStatistics`.`participantsCNT` DESC;
Executing (default): SELECT `regionID`, `title`, `participantsCNT`, `ideasCNT`, `eventsCNT`, `updatedAt` FROM `regionStatistics` AS `regionStatistics` WHERE `regionStatistics`.`participantsCNT` > 0 ORDER BY `regionStatistics`.`participantsCNT` DESC;
Executing (default): CREATE TABLE IF NOT EXISTS `events` (`id` VARCHAR(255) NOT NULL , `userID` CHAR(36) BINARY NOT NULL, `regionID` INTEGER NOT NULL, `locality` VARCHAR(255) NOT NULL, `school` VARCHAR(255) NOT NULL, `ideasCNT` INTEGER DEFAULT 0, `participantsCNT` INTEGER DEFAULT 0, `isDeleted` TINYINT(1) DEFAULT false, `createdAt` DATETIME NOT NULL, `updatedAt` DATETIME NOT NULL, PRIMARY KEY (`id`)) ENGINE=InnoDB;
Executing (default): SHOW FULL COLUMNS FROM `events`;
Executing (default): SELECT CONSTRAINT_NAME as constraint_name,CONSTRAINT_NAME as constraintName,CONSTRAINT_SCHEMA as constraintSchema,CONSTRAINT_SCHEMA as constraintCatalog,TABLE_NAME as tableName,TABLE_SCHEMA as tableSchema,TABLE_SCHEMA as tableCatalog,COLUMN_NAME as columnName,REFERENCED_TABLE_SCHEMA as referencedTableSchema,REFERENCED_TABLE_SCHEMA as referencedTableCatalog,REFERENCED_TABLE_NAME as referencedTableName,REFERENCED_COLUMN_NAME as referencedColumnName FROM INFORMATION_SCHEMA.KEY_COLUMN_USAGE where TABLE_NAME = 'events' AND CONSTRAINT_NAME!='PRIMARY' AND CONSTRAINT_SCHEMA='civitas_lite' AND REFERENCED_TABLE_NAME IS NOT NULL;
Executing (default): ALTER TABLE `events` CHANGE `userID` `userID` CHAR(36) BINARY NOT NULL;
Executing (default): ALTER TABLE `events` CHANGE `regionID` `regionID` INTEGER NOT NULL;
Executing (default): ALTER TABLE `events` CHANGE `locality` `locality` VARCHAR(255) NOT NULL;
Executing (default): ALTER TABLE `events` CHANGE `school` `school` VARCHAR(255) NOT NULL;
Executing (default): ALTER TABLE `events` CHANGE `ideasCNT` `ideasCNT` INTEGER DEFAULT 0;
Executing (default): ALTER TABLE `events` CHANGE `participantsCNT` `participantsCNT` INTEGER DEFAULT 0;
Executing (default): ALTER TABLE `events` CHANGE `createdAt` `createdAt` DATETIME NOT NULL;
Executing (default): ALTER TABLE `events` CHANGE `updatedAt` `updatedAt` DATETIME NOT NULL;
Executing (default): ALTER TABLE `events` CHANGE `isDeleted` `isDeleted` TINYINT(1) DEFAULT false;
Executing (default): SHOW INDEX FROM `events` FROM `civitas_lite`
Executing (default): CREATE TABLE IF NOT EXISTS `inboxes` (`id` BIGINT auto_increment , `method` VARCHAR(10), `path` VARCHAR(255), `hostname` VARCHAR(255), `ip` VARCHAR(255), `data` JSON, `createdAt` DATETIME NOT NULL, PRIMARY KEY (`id`)) ENGINE=InnoDB;
Executing (default): SHOW FULL COLUMNS FROM `inboxes`;
Executing (default): SELECT CONSTRAINT_NAME as constraint_name,CONSTRAINT_NAME as constraintName,CONSTRAINT_SCHEMA as constraintSchema,CONSTRAINT_SCHEMA as constraintCatalog,TABLE_NAME as tableName,TABLE_SCHEMA as tableSchema,TABLE_SCHEMA as tableCatalog,COLUMN_NAME as columnName,REFERENCED_TABLE_SCHEMA as referencedTableSchema,REFERENCED_TABLE_SCHEMA as referencedTableCatalog,REFERENCED_TABLE_NAME as referencedTableName,REFERENCED_COLUMN_NAME as referencedColumnName FROM INFORMATION_SCHEMA.KEY_COLUMN_USAGE where TABLE_NAME = 'inboxes' AND CONSTRAINT_NAME!='PRIMARY' AND CONSTRAINT_SCHEMA='civitas_lite' AND REFERENCED_TABLE_NAME IS NOT NULL;
Executing (default): ALTER TABLE `inboxes` CHANGE `method` `method` VARCHAR(10);
Executing (default): ALTER TABLE `inboxes` CHANGE `path` `path` VARCHAR(255);
Executing (default): ALTER TABLE `inboxes` CHANGE `hostname` `hostname` VARCHAR(255);
Executing (default): ALTER TABLE `inboxes` CHANGE `ip` `ip` VARCHAR(255);
Executing (default): ALTER TABLE `inboxes` CHANGE `data` `data` JSON;
Executing (default): ALTER TABLE `inboxes` CHANGE `createdAt` `createdAt` DATETIME NOT NULL;
Executing (default): SHOW INDEX FROM `inboxes` FROM `civitas_lite`
Executing (default): CREATE TABLE IF NOT EXISTS `logs` (`id` BIGINT auto_increment , `userID` CHAR(36) BINARY, `aimModel` VARCHAR(255), `aimID` VARCHAR(255), `action` ENUM('create', 'update', 'delete', 'click'), `previousValue` JSON, `newValue` JSON, `createdAt` DATETIME NOT NULL, PRIMARY KEY (`id`)) ENGINE=InnoDB;
Executing (default): SHOW FULL COLUMNS FROM `logs`;
Executing (default): SELECT CONSTRAINT_NAME as constraint_name,CONSTRAINT_NAME as constraintName,CONSTRAINT_SCHEMA as constraintSchema,CONSTRAINT_SCHEMA as constraintCatalog,TABLE_NAME as tableName,TABLE_SCHEMA as tableSchema,TABLE_SCHEMA as tableCatalog,COLUMN_NAME as columnName,REFERENCED_TABLE_SCHEMA as referencedTableSchema,REFERENCED_TABLE_SCHEMA as referencedTableCatalog,REFERENCED_TABLE_NAME as referencedTableName,REFERENCED_COLUMN_NAME as referencedColumnName FROM INFORMATION_SCHEMA.KEY_COLUMN_USAGE where TABLE_NAME = 'logs' AND CONSTRAINT_NAME!='PRIMARY' AND CONSTRAINT_SCHEMA='civitas_lite' AND REFERENCED_TABLE_NAME IS NOT NULL;
Executing (default): ALTER TABLE `logs` CHANGE `userID` `userID` CHAR(36) BINARY;
Executing (default): ALTER TABLE `logs` CHANGE `aimModel` `aimModel` VARCHAR(255);
Executing (default): ALTER TABLE `logs` CHANGE `aimID` `aimID` VARCHAR(255);
Executing (default): ALTER TABLE `logs` CHANGE `action` `action` ENUM('create', 'update', 'delete', 'click');
Executing (default): ALTER TABLE `logs` CHANGE `previousValue` `previousValue` JSON;
Executing (default): ALTER TABLE `logs` CHANGE `newValue` `newValue` JSON;
Executing (default): ALTER TABLE `logs` CHANGE `createdAt` `createdAt` DATETIME NOT NULL;
Executing (default): SHOW INDEX FROM `logs` FROM `civitas_lite`
Executing (default): CREATE TABLE IF NOT EXISTS `marafonIdeas` (`uuid` CHAR(36) BINARY NOT NULL UNIQUE , `title` TEXT NOT NULL, `description` TEXT NOT NULL, `problem` TEXT, `audience` TEXT, `attracting` TEXT, `resources` TEXT, `steps` TEXT, `regionID` INTEGER NOT NULL, `eventID` VARCHAR(255), `isDeleted` TINYINT(1) DEFAULT false, `createdAt` DATETIME NOT NULL, `updatedAt` DATETIME NOT NULL, PRIMARY KEY (`uuid`)) ENGINE=InnoDB;
Executing (default): SHOW FULL COLUMNS FROM `marafonIdeas`;
Executing (default): SELECT CONSTRAINT_NAME as constraint_name,CONSTRAINT_NAME as constraintName,CONSTRAINT_SCHEMA as constraintSchema,CONSTRAINT_SCHEMA as constraintCatalog,TABLE_NAME as tableName,TABLE_SCHEMA as tableSchema,TABLE_SCHEMA as tableCatalog,COLUMN_NAME as columnName,REFERENCED_TABLE_SCHEMA as referencedTableSchema,REFERENCED_TABLE_SCHEMA as referencedTableCatalog,REFERENCED_TABLE_NAME as referencedTableName,REFERENCED_COLUMN_NAME as referencedColumnName FROM INFORMATION_SCHEMA.KEY_COLUMN_USAGE where TABLE_NAME = 'marafonIdeas' AND CONSTRAINT_NAME!='PRIMARY' AND CONSTRAINT_SCHEMA='civitas_lite' AND REFERENCED_TABLE_NAME IS NOT NULL;
Executing (default): ALTER TABLE `marafonIdeas` CHANGE `title` `title` TEXT NOT NULL;
Executing (default): ALTER TABLE `marafonIdeas` CHANGE `description` `description` TEXT NOT NULL;
Executing (default): ALTER TABLE `marafonIdeas` CHANGE `problem` `problem` TEXT;
Executing (default): ALTER TABLE `marafonIdeas` CHANGE `attracting` `attracting` TEXT;
Executing (default): ALTER TABLE `marafonIdeas` CHANGE `resources` `resources` TEXT;
Executing (default): ALTER TABLE `marafonIdeas` CHANGE `steps` `steps` TEXT;
Executing (default): ALTER TABLE `marafonIdeas` CHANGE `regionID` `regionID` INTEGER NOT NULL;
Executing (default): ALTER TABLE `marafonIdeas` CHANGE `eventID` `eventID` VARCHAR(255);
Executing (default): ALTER TABLE `marafonIdeas` CHANGE `isDeleted` `isDeleted` TINYINT(1) DEFAULT false;
Executing (default): ALTER TABLE `marafonIdeas` CHANGE `createdAt` `createdAt` DATETIME NOT NULL;
Executing (default): ALTER TABLE `marafonIdeas` CHANGE `updatedAt` `updatedAt` DATETIME NOT NULL;
Executing (default): ALTER TABLE `marafonIdeas` CHANGE `audience` `audience` TEXT;
Executing (default): SHOW INDEX FROM `marafonIdeas` FROM `civitas_lite`
Executing (default): CREATE TABLE IF NOT EXISTS `marafonParticipants` (`uuid` CHAR(36) BINARY NOT NULL UNIQUE , `name` VARCHAR(255) NOT NULL, `surname` VARCHAR(255) NOT NULL, `telephone` VARCHAR(16) NOT NULL, `vkID` INTEGER NOT NULL, `regionID` INTEGER NOT NULL, `locality` VARCHAR(255) NOT NULL, `school` VARCHAR(255) NOT NULL, `grade` INTEGER NOT NULL, `ideaID` CHAR(36) BINARY, `eventID` VARCHAR(255), `isDeleted` TINYINT(1) DEFAULT false, `createdAt` DATETIME NOT NULL, `updatedAt` DATETIME NOT NULL, PRIMARY KEY (`uuid`)) ENGINE=InnoDB;
Executing (default): SHOW FULL COLUMNS FROM `marafonParticipants`;
Executing (default): SELECT CONSTRAINT_NAME as constraint_name,CONSTRAINT_NAME as constraintName,CONSTRAINT_SCHEMA as constraintSchema,CONSTRAINT_SCHEMA as constraintCatalog,TABLE_NAME as tableName,TABLE_SCHEMA as tableSchema,TABLE_SCHEMA as tableCatalog,COLUMN_NAME as columnName,REFERENCED_TABLE_SCHEMA as referencedTableSchema,REFERENCED_TABLE_SCHEMA as referencedTableCatalog,REFERENCED_TABLE_NAME as referencedTableName,REFERENCED_COLUMN_NAME as referencedColumnName FROM INFORMATION_SCHEMA.KEY_COLUMN_USAGE where TABLE_NAME = 'marafonParticipants' AND CONSTRAINT_NAME!='PRIMARY' AND CONSTRAINT_SCHEMA='civitas_lite' AND REFERENCED_TABLE_NAME IS NOT NULL;
Executing (default): ALTER TABLE `marafonParticipants` CHANGE `name` `name` VARCHAR(255) NOT NULL;
Executing (default): ALTER TABLE `marafonParticipants` CHANGE `surname` `surname` VARCHAR(255) NOT NULL;
Executing (default): ALTER TABLE `marafonParticipants` CHANGE `telephone` `telephone` VARCHAR(16) NOT NULL;
Executing (default): ALTER TABLE `marafonParticipants` CHANGE `vkID` `vkID` INTEGER NOT NULL;
Executing (default): ALTER TABLE `marafonParticipants` CHANGE `regionID` `regionID` INTEGER NOT NULL;
Executing (default): ALTER TABLE `marafonParticipants` CHANGE `locality` `locality` VARCHAR(255) NOT NULL;
Executing (default): ALTER TABLE `marafonParticipants` CHANGE `school` `school` VARCHAR(255) NOT NULL;
Executing (default): ALTER TABLE `marafonParticipants` CHANGE `grade` `grade` INTEGER NOT NULL;
Executing (default): ALTER TABLE `marafonParticipants` CHANGE `ideaID` `ideaID` CHAR(36) BINARY;
Executing (default): ALTER TABLE `marafonParticipants` CHANGE `eventID` `eventID` VARCHAR(255);
Executing (default): ALTER TABLE `marafonParticipants` CHANGE `isDeleted` `isDeleted` TINYINT(1) DEFAULT false;
Executing (default): ALTER TABLE `marafonParticipants` CHANGE `createdAt` `createdAt` DATETIME NOT NULL;
Executing (default): ALTER TABLE `marafonParticipants` CHANGE `updatedAt` `updatedAt` DATETIME NOT NULL;
Executing (default): SHOW INDEX FROM `marafonParticipants` FROM `civitas_lite`
Executing (default): CREATE TABLE IF NOT EXISTS `participants` (`uuid` CHAR(36) BINARY NOT NULL UNIQUE , `teamID` CHAR(36) BINARY, `name` VARCHAR(255), `surname` VARCHAR(255), `telephone` VARCHAR(16), `birthday` VARCHAR(255), `socialLink` VARCHAR(255), `regionID` INTEGER NOT NULL, `teamName` VARCHAR(255) NOT NULL, `universityName` VARCHAR(255) NOT NULL, `facultyName` VARCHAR(255) NOT NULL, `isDeleted` TINYINT(1) DEFAULT false, `createdAt` DATETIME NOT NULL, `updatedAt` DATETIME NOT NULL, PRIMARY KEY (`uuid`)) ENGINE=InnoDB;
Executing (default): SHOW FULL COLUMNS FROM `participants`;
Executing (default): SELECT CONSTRAINT_NAME as constraint_name,CONSTRAINT_NAME as constraintName,CONSTRAINT_SCHEMA as constraintSchema,CONSTRAINT_SCHEMA as constraintCatalog,TABLE_NAME as tableName,TABLE_SCHEMA as tableSchema,TABLE_SCHEMA as tableCatalog,COLUMN_NAME as columnName,REFERENCED_TABLE_SCHEMA as referencedTableSchema,REFERENCED_TABLE_SCHEMA as referencedTableCatalog,REFERENCED_TABLE_NAME as referencedTableName,REFERENCED_COLUMN_NAME as referencedColumnName FROM INFORMATION_SCHEMA.KEY_COLUMN_USAGE where TABLE_NAME = 'participants' AND CONSTRAINT_NAME!='PRIMARY' AND CONSTRAINT_SCHEMA='civitas_lite' AND REFERENCED_TABLE_NAME IS NOT NULL;
Executing (default): ALTER TABLE `participants` CHANGE `teamID` `teamID` CHAR(36) BINARY;
Executing (default): ALTER TABLE `participants` CHANGE `name` `name` VARCHAR(255);
Executing (default): ALTER TABLE `participants` CHANGE `surname` `surname` VARCHAR(255);
Executing (default): ALTER TABLE `participants` CHANGE `telephone` `telephone` VARCHAR(16);
Executing (default): ALTER TABLE `participants` CHANGE `birthday` `birthday` VARCHAR(255);
Executing (default): ALTER TABLE `participants` CHANGE `socialLink` `socialLink` VARCHAR(255);
Executing (default): ALTER TABLE `participants` CHANGE `regionID` `regionID` INTEGER NOT NULL;
Executing (default): ALTER TABLE `participants` CHANGE `teamName` `teamName` VARCHAR(255) NOT NULL;
Executing (default): ALTER TABLE `participants` CHANGE `universityName` `universityName` VARCHAR(255) NOT NULL;
Executing (default): ALTER TABLE `participants` CHANGE `facultyName` `facultyName` VARCHAR(255) NOT NULL;
Executing (default): ALTER TABLE `participants` CHANGE `isDeleted` `isDeleted` TINYINT(1) DEFAULT false;
Executing (default): ALTER TABLE `participants` CHANGE `createdAt` `createdAt` DATETIME NOT NULL;
Executing (default): ALTER TABLE `participants` CHANGE `updatedAt` `updatedAt` DATETIME NOT NULL;
Executing (default): SHOW INDEX FROM `participants` FROM `civitas_lite`
Executing (default): CREATE TABLE IF NOT EXISTS `regionStatistics` (`regionID` INTEGER NOT NULL UNIQUE , `title` VARCHAR(255), `participantsCNT` INTEGER DEFAULT 0, `ideasCNT` INTEGER DEFAULT 0, `eventsCNT` INTEGER DEFAULT 0, `createdAt` DATETIME NOT NULL, `updatedAt` DATETIME NOT NULL, PRIMARY KEY (`regionID`)) ENGINE=InnoDB;
Executing (default): SHOW FULL COLUMNS FROM `regionStatistics`;
Executing (default): SELECT CONSTRAINT_NAME as constraint_name,CONSTRAINT_NAME as constraintName,CONSTRAINT_SCHEMA as constraintSchema,CONSTRAINT_SCHEMA as constraintCatalog,TABLE_NAME as tableName,TABLE_SCHEMA as tableSchema,TABLE_SCHEMA as tableCatalog,COLUMN_NAME as columnName,REFERENCED_TABLE_SCHEMA as referencedTableSchema,REFERENCED_TABLE_SCHEMA as referencedTableCatalog,REFERENCED_TABLE_NAME as referencedTableName,REFERENCED_COLUMN_NAME as referencedColumnName FROM INFORMATION_SCHEMA.KEY_COLUMN_USAGE where TABLE_NAME = 'regionStatistics' AND CONSTRAINT_NAME!='PRIMARY' AND CONSTRAINT_SCHEMA='civitas_lite' AND REFERENCED_TABLE_NAME IS NOT NULL;
Executing (default): ALTER TABLE `regionStatistics` CHANGE `title` `title` VARCHAR(255);
Executing (default): ALTER TABLE `regionStatistics` CHANGE `participantsCNT` `participantsCNT` INTEGER DEFAULT 0;
Executing (default): ALTER TABLE `regionStatistics` CHANGE `ideasCNT` `ideasCNT` INTEGER DEFAULT 0;
Executing (default): ALTER TABLE `regionStatistics` CHANGE `eventsCNT` `eventsCNT` INTEGER DEFAULT 0;
Executing (default): ALTER TABLE `regionStatistics` CHANGE `createdAt` `createdAt` DATETIME NOT NULL;
Executing (default): ALTER TABLE `regionStatistics` CHANGE `updatedAt` `updatedAt` DATETIME NOT NULL;
Executing (default): SHOW INDEX FROM `regionStatistics` FROM `civitas_lite`
Executing (default): CREATE TABLE IF NOT EXISTS `teams` (`uuid` CHAR(36) BINARY NOT NULL UNIQUE , `name` VARCHAR(255) NOT NULL, `regionID` INTEGER NOT NULL, `universityName` VARCHAR(255) NOT NULL, `facultyName` VARCHAR(255) NOT NULL, `score` INTEGER DEFAULT 0, `membersQuantity` INTEGER, `isDeleted` TINYINT(1) DEFAULT false, `createdAt` DATETIME NOT NULL, `updatedAt` DATETIME NOT NULL, PRIMARY KEY (`uuid`)) ENGINE=InnoDB;
Executing (default): SHOW FULL COLUMNS FROM `teams`;
Executing (default): SELECT CONSTRAINT_NAME as constraint_name,CONSTRAINT_NAME as constraintName,CONSTRAINT_SCHEMA as constraintSchema,CONSTRAINT_SCHEMA as constraintCatalog,TABLE_NAME as tableName,TABLE_SCHEMA as tableSchema,TABLE_SCHEMA as tableCatalog,COLUMN_NAME as columnName,REFERENCED_TABLE_SCHEMA as referencedTableSchema,REFERENCED_TABLE_SCHEMA as referencedTableCatalog,REFERENCED_TABLE_NAME as referencedTableName,REFERENCED_COLUMN_NAME as referencedColumnName FROM INFORMATION_SCHEMA.KEY_COLUMN_USAGE where TABLE_NAME = 'teams' AND CONSTRAINT_NAME!='PRIMARY' AND CONSTRAINT_SCHEMA='civitas_lite' AND REFERENCED_TABLE_NAME IS NOT NULL;
Executing (default): ALTER TABLE `teams` CHANGE `name` `name` VARCHAR(255) NOT NULL;
Executing (default): ALTER TABLE `teams` CHANGE `regionID` `regionID` INTEGER NOT NULL;
Executing (default): ALTER TABLE `teams` CHANGE `universityName` `universityName` VARCHAR(255) NOT NULL;
Executing (default): ALTER TABLE `teams` CHANGE `facultyName` `facultyName` VARCHAR(255) NOT NULL;
Executing (default): ALTER TABLE `teams` CHANGE `score` `score` INTEGER DEFAULT 0;
Executing (default): ALTER TABLE `teams` CHANGE `membersQuantity` `membersQuantity` INTEGER;
Executing (default): ALTER TABLE `teams` CHANGE `isDeleted` `isDeleted` TINYINT(1) DEFAULT false;
Executing (default): ALTER TABLE `teams` CHANGE `createdAt` `createdAt` DATETIME NOT NULL;
Executing (default): ALTER TABLE `teams` CHANGE `updatedAt` `updatedAt` DATETIME NOT NULL;
Executing (default): SHOW INDEX FROM `teams` FROM `civitas_lite`
Executing (default): CREATE TABLE IF NOT EXISTS `tokens` (`id` BIGINT auto_increment , `userID` CHAR(36) BINARY, `refreshToken` VARCHAR(255), `createdAt` DATETIME NOT NULL, `updatedAt` DATETIME NOT NULL, PRIMARY KEY (`id`)) ENGINE=InnoDB;
Executing (default): SHOW FULL COLUMNS FROM `tokens`;
Executing (default): SELECT CONSTRAINT_NAME as constraint_name,CONSTRAINT_NAME as constraintName,CONSTRAINT_SCHEMA as constraintSchema,CONSTRAINT_SCHEMA as constraintCatalog,TABLE_NAME as tableName,TABLE_SCHEMA as tableSchema,TABLE_SCHEMA as tableCatalog,COLUMN_NAME as columnName,REFERENCED_TABLE_SCHEMA as referencedTableSchema,REFERENCED_TABLE_SCHEMA as referencedTableCatalog,REFERENCED_TABLE_NAME as referencedTableName,REFERENCED_COLUMN_NAME as referencedColumnName FROM INFORMATION_SCHEMA.KEY_COLUMN_USAGE where TABLE_NAME = 'tokens' AND CONSTRAINT_NAME!='PRIMARY' AND CONSTRAINT_SCHEMA='civitas_lite' AND REFERENCED_TABLE_NAME IS NOT NULL;
Executing (default): ALTER TABLE `tokens` CHANGE `userID` `userID` CHAR(36) BINARY;
Executing (default): ALTER TABLE `tokens` CHANGE `refreshToken` `refreshToken` VARCHAR(255);
Executing (default): ALTER TABLE `tokens` CHANGE `createdAt` `createdAt` DATETIME NOT NULL;
Executing (default): ALTER TABLE `tokens` CHANGE `updatedAt` `updatedAt` DATETIME NOT NULL;
Executing (default): SHOW INDEX FROM `tokens` FROM `civitas_lite`
Executing (default): CREATE TABLE IF NOT EXISTS `users` (`userID` CHAR(36) BINARY NOT NULL UNIQUE , `invitedBy` CHAR(36) BINARY NOT NULL, `vkID` INTEGER DEFAULT NULL, `regionID` INTEGER NOT NULL, `name` VARCHAR(255) DEFAULT NULL, `photo` VARCHAR(255), `surname` VARCHAR(255) DEFAULT NULL, `isStudent` TINYINT(1) DEFAULT NULL, `birthday` DATETIME DEFAULT NULL, `allowedRegions` LONGTEXT DEFAULT NULL, `status` ENUM('active', 'inactive', 'admin', 'frozen', 'coordinator', 'federal', 'without_access') DEFAULT 'without_access', `participantsCNT` INTEGER DEFAULT 0, `ideasCNT` INTEGER DEFAULT 0, `eventsCNT` INTEGER DEFAULT 0, `invitedCNT` INTEGER DEFAULT 0, `createdAt` DATETIME NOT NULL, `updatedAt` DATETIME NOT NULL, UNIQUE `vkID` (`vkID`), PRIMARY KEY (`userID`)) ENGINE=InnoDB;
Executing (default): SHOW FULL COLUMNS FROM `users`;
Executing (default): SELECT CONSTRAINT_NAME as constraint_name,CONSTRAINT_NAME as constraintName,CONSTRAINT_SCHEMA as constraintSchema,CONSTRAINT_SCHEMA as constraintCatalog,TABLE_NAME as tableName,TABLE_SCHEMA as tableSchema,TABLE_SCHEMA as tableCatalog,COLUMN_NAME as columnName,REFERENCED_TABLE_SCHEMA as referencedTableSchema,REFERENCED_TABLE_SCHEMA as referencedTableCatalog,REFERENCED_TABLE_NAME as referencedTableName,REFERENCED_COLUMN_NAME as referencedColumnName FROM INFORMATION_SCHEMA.KEY_COLUMN_USAGE where TABLE_NAME = 'users' AND CONSTRAINT_NAME!='PRIMARY' AND CONSTRAINT_SCHEMA='civitas_lite' AND REFERENCED_TABLE_NAME IS NOT NULL;
Executing (default): ALTER TABLE `users` CHANGE `vkID` `vkID` INTEGER DEFAULT NULL;
Executing (default): ALTER TABLE `users` CHANGE `regionID` `regionID` INTEGER NOT NULL;
Executing (default): ALTER TABLE `users` CHANGE `name` `name` VARCHAR(255) DEFAULT NULL;
Executing (default): ALTER TABLE `users` CHANGE `surname` `surname` VARCHAR(255) DEFAULT NULL;
Executing (default): ALTER TABLE `users` CHANGE `allowedRegions` `allowedRegions` LONGTEXT DEFAULT NULL;
Executing (default): ALTER TABLE `users` CHANGE `status` `status` ENUM('active', 'inactive', 'admin', 'frozen', 'coordinator', 'federal', 'without_access') DEFAULT 'without_access';
Executing (default): ALTER TABLE `users` CHANGE `createdAt` `createdAt` DATETIME NOT NULL;
Executing (default): ALTER TABLE `users` CHANGE `updatedAt` `updatedAt` DATETIME NOT NULL;
Executing (default): ALTER TABLE `users` CHANGE `invitedBy` `invitedBy` CHAR(36) BINARY NOT NULL;
Executing (default): ALTER TABLE `users` CHANGE `photo` `photo` VARCHAR(255);
Executing (default): ALTER TABLE `users` CHANGE `isStudent` `isStudent` TINYINT(1) DEFAULT NULL;
Executing (default): ALTER TABLE `users` CHANGE `birthday` `birthday` DATETIME DEFAULT NULL;
Executing (default): ALTER TABLE `users` CHANGE `participantsCNT` `participantsCNT` INTEGER DEFAULT 0;
Executing (default): ALTER TABLE `users` CHANGE `ideasCNT` `ideasCNT` INTEGER DEFAULT 0;
Executing (default): ALTER TABLE `users` CHANGE `eventsCNT` `eventsCNT` INTEGER DEFAULT 0;
Executing (default): ALTER TABLE `users` CHANGE `invitedCNT` `invitedCNT` INTEGER DEFAULT 0;
Executing (default): SHOW INDEX FROM `users` FROM `civitas_lite`
Server is alive - 5000
Executing (default): INSERT INTO `inboxes` (`id`,`method`,`path`,`hostname`,`ip`,`data`,`createdAt`) VALUES (DEFAULT,?,?,?,?,?,?);
Executing (default): SELECT `regionID`, `locality`, `school`, `userID` FROM `events` AS `event` WHERE `event`.`id` = '274' ORDER BY `event`.`updatedAt` DESC;
Executing (default): INSERT INTO `marafonParticipants` (`uuid`,`name`,`surname`,`telephone`,`vkID`,`regionID`,`locality`,`school`,`grade`,`eventID`,`isDeleted`,`createdAt`,`updatedAt`) VALUES (?,?,?,?,?,?,?,?,?,?,?,?,?);
Executing (default): INSERT INTO `marafonIdeas` (`uuid`,`title`,`description`,`problem`,`audience`,`attracting`,`resources`,`steps`,`regionID`,`eventID`,`isDeleted`,`createdAt`,`updatedAt`) VALUES (?,?,?,?,?,?,?,?,?,?,?,?,?);
Executing (default): UPDATE `marafonParticipants` SET `ideaID`=?,`updatedAt`=? WHERE `uuid` IN ('a76d0320-d8f1-11ec-84db-735ae692ca21', 'fc1f2420-d8f1-11ec-84db-735ae692ca21', 'ff467bd0-d8f1-11ec-84db-735ae692ca21', '0a9e1eb0-d8f3-11ec-b292-9fe019c5c712')
Executing (default): UPDATE `events` SET `ideasCNT`=`ideasCNT`+ 1,`updatedAt`='2022-05-21 10:44:50' WHERE `id` = '274'
Executing (default): UPDATE `users` SET `ideasCNT`=`ideasCNT`+ 1,`updatedAt`='2022-05-21 10:44:50' WHERE `userID` = '1d0ba890-d733-11ec-af50-d750a80d11a5'
Executing (default): UPDATE `events` SET `participantsCNT`=`participantsCNT`+ 1,`updatedAt`='2022-05-21 10:44:50' WHERE `id` = '274'
Executing (default): UPDATE `users` SET `participantsCNT`=`participantsCNT`+ 1,`updatedAt`='2022-05-21 10:44:50' WHERE `userID` = '1d0ba890-d733-11ec-af50-d750a80d11a5'
Executing (default): SELECT `id`, `userID`, `refreshToken`, `createdAt`, `updatedAt` FROM `tokens` AS `token` WHERE `token`.`refreshToken` = 'eyJhbGciOiJIUzI1NiIsInR5cCI6IkpXVCJ9.eyJ1c2VySUQiOiI0ZWY0ZmNkZS04NzUyLTExZWMtYThhMy0wMjQyYWMxMjAwMDIiLCJpYXQiOjE2NTMxMTkxNTUsImV4cCI6MTY1MzcyMzk1NX0.si_oi53QykVlQNVS_cxMIvMUKk2LpEqGWuaFSJXcbGE' LIMIT 1;
Executing (default): SELECT `userID`, `status`, `regionID`, `name`, `surname`, `photo`, `allowedRegions` FROM `users` AS `user` WHERE `user`.`userID` = '4ef4fcde-8752-11ec-a8a3-0242ac120002';
Executing (default): SELECT `id`, `userID`, `refreshToken`, `createdAt`, `updatedAt` FROM `tokens` AS `token` WHERE `token`.`userID` = '4ef4fcde-8752-11ec-a8a3-0242ac120002' LIMIT 1;
Executing (default): UPDATE `tokens` SET `refreshToken`=?,`updatedAt`=? WHERE `id` = ?
Executing (default): SELECT `regionID`, `title`, `participantsCNT`, `ideasCNT`, `eventsCNT`, `updatedAt` FROM `regionStatistics` AS `regionStatistics` WHERE `regionStatistics`.`participantsCNT` > 0 ORDER BY `regionStatistics`.`participantsCNT` DESC;
Executing (default): SELECT `id`, `userID`, `refreshToken`, `createdAt`, `updatedAt` FROM `tokens` AS `token` WHERE `token`.`refreshToken` = 'eyJhbGciOiJIUzI1NiIsInR5cCI6IkpXVCJ9.eyJ1c2VySUQiOiI0ZWY0ZmNkZS04NzUyLTExZWMtYThhMy0wMjQyYWMxMjAwMDIiLCJpYXQiOjE2NTMxMjk5MzUsImV4cCI6MTY1MzczNDczNX0.aJkNqXsQmjTrZmj_V1po5pb3mL7IkFNB0jDdeGoxIC0' LIMIT 1;
Executing (default): SELECT `userID`, `status`, `regionID`, `name`, `surname`, `photo`, `allowedRegions` FROM `users` AS `user` WHERE `user`.`userID` = '4ef4fcde-8752-11ec-a8a3-0242ac120002';
Executing (default): SELECT `id`, `userID`, `refreshToken`, `createdAt`, `updatedAt` FROM `tokens` AS `token` WHERE `token`.`userID` = '4ef4fcde-8752-11ec-a8a3-0242ac120002' LIMIT 1;
Executing (default): UPDATE `tokens` SET `refreshToken`=?,`updatedAt`=? WHERE `id` = ?
Executing (default): SELECT `regionID`, `title`, `participantsCNT`, `ideasCNT`, `eventsCNT`, `updatedAt` FROM `regionStatistics` AS `regionStatistics` WHERE `regionStatistics`.`participantsCNT` > 0 ORDER BY `regionStatistics`.`participantsCNT` DESC;
Executing (default): INSERT INTO `inboxes` (`id`,`method`,`path`,`hostname`,`ip`,`data`,`createdAt`) VALUES (DEFAULT,?,?,?,?,?,?);
Executing (default): SELECT `regionID`, `locality`, `school`, `userID` FROM `events` AS `event` WHERE `event`.`id` = '274' ORDER BY `event`.`updatedAt` DESC;
Executing (default): INSERT INTO `marafonParticipants` (`uuid`,`name`,`surname`,`telephone`,`vkID`,`regionID`,`locality`,`school`,`grade`,`eventID`,`isDeleted`,`createdAt`,`updatedAt`) VALUES (?,?,?,?,?,?,?,?,?,?,?,?,?);
Executing (default): INSERT INTO `marafonIdeas` (`uuid`,`title`,`description`,`problem`,`audience`,`attracting`,`resources`,`steps`,`regionID`,`eventID`,`isDeleted`,`createdAt`,`updatedAt`) VALUES (?,?,?,?,?,?,?,?,?,?,?,?,?);
Executing (default): UPDATE `marafonParticipants` SET `ideaID`=?,`updatedAt`=? WHERE `uuid` IN ('02041530-d8f2-11ec-84db-735ae692ca21', 'cd91b8c0-d8f1-11ec-84db-735ae692ca21', '29336790-d8f3-11ec-b292-9fe019c5c712')
Executing (default): UPDATE `events` SET `ideasCNT`=`ideasCNT`+ 1,`updatedAt`='2022-05-21 10:45:42' WHERE `id` = '274'
Executing (default): UPDATE `users` SET `ideasCNT`=`ideasCNT`+ 1,`updatedAt`='2022-05-21 10:45:42' WHERE `userID` = '1d0ba890-d733-11ec-af50-d750a80d11a5'
Executing (default): UPDATE `events` SET `participantsCNT`=`participantsCNT`+ 1,`updatedAt`='2022-05-21 10:45:42' WHERE `id` = '274'
Executing (default): UPDATE `users` SET `participantsCNT`=`participantsCNT`+ 1,`updatedAt`='2022-05-21 10:45:42' WHERE `userID` = '1d0ba890-d733-11ec-af50-d750a80d11a5'
Executing (default): SELECT `id`, `userID`, `refreshToken`, `createdAt`, `updatedAt` FROM `tokens` AS `token` WHERE `token`.`refreshToken` = 'eyJhbGciOiJIUzI1NiIsInR5cCI6IkpXVCJ9.eyJ1c2VySUQiOiI0ZWY0ZmNkZS04NzUyLTExZWMtYThhMy0wMjQyYWMxMjAwMDIiLCJpYXQiOjE2NTMxMjk5MzksImV4cCI6MTY1MzczNDczOX0.a7ki8eIGZ-z57ixUDFeT10XdDmshywnP6bF9xu3Rxgc' LIMIT 1;
Executing (default): SELECT `userID`, `status`, `regionID`, `name`, `surname`, `photo`, `allowedRegions` FROM `users` AS `user` WHERE `user`.`userID` = '4ef4fcde-8752-11ec-a8a3-0242ac120002';
Executing (default): SELECT `id`, `userID`, `refreshToken`, `createdAt`, `updatedAt` FROM `tokens` AS `token` WHERE `token`.`userID` = '4ef4fcde-8752-11ec-a8a3-0242ac120002' LIMIT 1;
Executing (default): UPDATE `tokens` SET `refreshToken`=?,`updatedAt`=? WHERE `id` = ?
Executing (default): INSERT INTO `inboxes` (`id`,`method`,`path`,`hostname`,`ip`,`data`,`createdAt`) VALUES (DEFAULT,?,?,?,?,?,?);
Executing (default): SELECT `userID`, `status`, `regionID`, `name`, `surname`, `photo`, `allowedRegions` FROM `users` AS `user` WHERE `user`.`vkID` = 39026356;
user {
  dataValues: {
    userID: '4ef4fcde-8752-11ec-a8a3-0242ac120002',
    status: 'federal',
    regionID: 11,
    name: 'Никита',
    surname: 'Иванов',
    photo: 'https://sun1-47.userapi.com/s/v1/if1/YiMVGhzNEf5XvDkUviTSaRiy6vEPrJJAOndS2MuR6pFuAvzx03R78YsPlr1v08qmyrU.jpg?size=200x200&quality=96&crop=0,144,200,200&ava=1',
    allowedRegions: null
  },
  _previousDataValues: {
    userID: '4ef4fcde-8752-11ec-a8a3-0242ac120002',
    status: 'federal',
    regionID: 11,
    name: 'Никита',
    surname: 'Иванов',
    photo: 'https://sun1-47.userapi.com/s/v1/if1/YiMVGhzNEf5XvDkUviTSaRiy6vEPrJJAOndS2MuR6pFuAvzx03R78YsPlr1v08qmyrU.jpg?size=200x200&quality=96&crop=0,144,200,200&ava=1',
    allowedRegions: null
  },
  uniqno: 1,
  _changed: Set(0) {},
  _options: {
    isNewRecord: false,
    _schema: null,
    _schemaDelimiter: '',
    raw: true,
    attributes: [
      'userID',
      'status',
      'regionID',
      'name',
      'surname',
      'photo',
      'allowedRegions'
    ]
  },
  isNewRecord: false
}
Executing (default): SELECT `id`, `userID`, `refreshToken`, `createdAt`, `updatedAt` FROM `tokens` AS `token` WHERE `token`.`userID` = '4ef4fcde-8752-11ec-a8a3-0242ac120002' LIMIT 1;
Executing (default): SELECT `id`, `userID`, `refreshToken`, `createdAt`, `updatedAt` FROM `tokens` AS `token` WHERE `token`.`refreshToken` = 'eyJhbGciOiJIUzI1NiIsInR5cCI6IkpXVCJ9.eyJ1c2VySUQiOiI0ZWY0ZmNkZS04NzUyLTExZWMtYThhMy0wMjQyYWMxMjAwMDIiLCJpYXQiOjE2NTMxMjk5NjksImV4cCI6MTY1MzczNDc2OX0.QJSWkVvre3arUFen_CUlBdW6YwMfIRUJ8Z6LHxILGO0' LIMIT 1;
Executing (default): SELECT `userID`, `status`, `regionID`, `name`, `surname`, `photo`, `allowedRegions` FROM `users` AS `user` WHERE `user`.`userID` = '4ef4fcde-8752-11ec-a8a3-0242ac120002';
Executing (default): SELECT `id`, `userID`, `refreshToken`, `createdAt`, `updatedAt` FROM `tokens` AS `token` WHERE `token`.`userID` = '4ef4fcde-8752-11ec-a8a3-0242ac120002' LIMIT 1;
Executing (default): UPDATE `tokens` SET `refreshToken`=?,`updatedAt`=? WHERE `id` = ?
Executing (default): SELECT `regionID`, `title`, `participantsCNT`, `ideasCNT`, `eventsCNT`, `updatedAt` FROM `regionStatistics` AS `regionStatistics` WHERE `regionStatistics`.`participantsCNT` > 0 ORDER BY `regionStatistics`.`participantsCNT` DESC;
Executing (default): SELECT `regionID`, `title`, `participantsCNT`, `ideasCNT`, `eventsCNT`, `updatedAt` FROM `regionStatistics` AS `regionStatistics` WHERE `regionStatistics`.`participantsCNT` > 0 ORDER BY `regionStatistics`.`participantsCNT` DESC;
Executing (default): SELECT `regionID`, `title`, `participantsCNT`, `ideasCNT`, `eventsCNT`, `updatedAt` FROM `regionStatistics` AS `regionStatistics` WHERE `regionStatistics`.`participantsCNT` > 0 ORDER BY `regionStatistics`.`participantsCNT` DESC;
Executing (default): INSERT INTO `inboxes` (`id`,`method`,`path`,`hostname`,`ip`,`data`,`createdAt`) VALUES (DEFAULT,?,?,?,?,?,?);
Executing (default): SELECT `userID`, `status`, `regionID`, `name`, `surname`, `photo`, `allowedRegions` FROM `users` AS `user` WHERE `user`.`vkID` = 39026356;
user {
  dataValues: {
    userID: '4ef4fcde-8752-11ec-a8a3-0242ac120002',
    status: 'federal',
    regionID: 11,
    name: 'Никита',
    surname: 'Иванов',
    photo: 'https://sun1-47.userapi.com/s/v1/if1/YiMVGhzNEf5XvDkUviTSaRiy6vEPrJJAOndS2MuR6pFuAvzx03R78YsPlr1v08qmyrU.jpg?size=200x200&quality=96&crop=0,144,200,200&ava=1',
    allowedRegions: null
  },
  _previousDataValues: {
    userID: '4ef4fcde-8752-11ec-a8a3-0242ac120002',
    status: 'federal',
    regionID: 11,
    name: 'Никита',
    surname: 'Иванов',
    photo: 'https://sun1-47.userapi.com/s/v1/if1/YiMVGhzNEf5XvDkUviTSaRiy6vEPrJJAOndS2MuR6pFuAvzx03R78YsPlr1v08qmyrU.jpg?size=200x200&quality=96&crop=0,144,200,200&ava=1',
    allowedRegions: null
  },
  uniqno: 1,
  _changed: Set(0) {},
  _options: {
    isNewRecord: false,
    _schema: null,
    _schemaDelimiter: '',
    raw: true,
    attributes: [
      'userID',
      'status',
      'regionID',
      'name',
      'surname',
      'photo',
      'allowedRegions'
    ]
  },
  isNewRecord: false
}
Executing (default): SELECT `id`, `userID`, `refreshToken`, `createdAt`, `updatedAt` FROM `tokens` AS `token` WHERE `token`.`userID` = '4ef4fcde-8752-11ec-a8a3-0242ac120002' LIMIT 1;
Executing (default): UPDATE `tokens` SET `refreshToken`=?,`updatedAt`=? WHERE `id` = ?
Executing (default): SELECT `id`, `userID`, `refreshToken`, `createdAt`, `updatedAt` FROM `tokens` AS `token` WHERE `token`.`refreshToken` = 'eyJhbGciOiJIUzI1NiIsInR5cCI6IkpXVCJ9.eyJ1c2VySUQiOiI0ZWY0ZmNkZS04NzUyLTExZWMtYThhMy0wMjQyYWMxMjAwMDIiLCJpYXQiOjE2NTMxMzAwMzUsImV4cCI6MTY1MzczNDgzNX0.-zOdYhzV96Ww7ILhUNw3C8KPxjwfHR-Wy-8MZeGF_ks' LIMIT 1;
Executing (default): SELECT `userID`, `status`, `regionID`, `name`, `surname`, `photo`, `allowedRegions` FROM `users` AS `user` WHERE `user`.`userID` = '4ef4fcde-8752-11ec-a8a3-0242ac120002';
Executing (default): SELECT `id`, `userID`, `refreshToken`, `createdAt`, `updatedAt` FROM `tokens` AS `token` WHERE `token`.`userID` = '4ef4fcde-8752-11ec-a8a3-0242ac120002' LIMIT 1;
Executing (default): UPDATE `tokens` SET `refreshToken`=?,`updatedAt`=? WHERE `id` = ?
Executing (default): SELECT `regionID`, `title`, `participantsCNT`, `ideasCNT`, `eventsCNT`, `updatedAt` FROM `regionStatistics` AS `regionStatistics` WHERE `regionStatistics`.`participantsCNT` > 0 ORDER BY `regionStatistics`.`participantsCNT` DESC;
