Error: Cannot find module 'node-cron'
Require stack:
- /home/projects/CivitasLiteMini/Server/server.js
    at Function.Module._resolveFilename (internal/modules/cjs/loader.js:902:15)
    at Module.Hook._require.Module.require (/usr/lib/node_modules/pm2/node_modules/require-in-the-middle/index.js:61:29)
    at require (internal/modules/cjs/helpers.js:93:18)
    at Object.<anonymous> (/home/projects/CivitasLiteMini/Server/server.js:8:14)
    at Module._compile (internal/modules/cjs/loader.js:1085:14)
    at Object.Module._extensions..js (internal/modules/cjs/loader.js:1114:10)
    at Module.load (internal/modules/cjs/loader.js:950:32)
    at Function.Module._load (internal/modules/cjs/loader.js:790:12)
    at Object.<anonymous> (/usr/lib/node_modules/pm2/lib/ProcessContainerFork.js:33:23)
    at Module._compile (internal/modules/cjs/loader.js:1085:14) {
  code: 'MODULE_NOT_FOUND',
  requireStack: [ '/home/projects/CivitasLiteMini/Server/server.js' ]
}
Error: Cannot find module 'node-cron'
Require stack:
- /home/projects/CivitasLiteMini/Server/server.js
    at Function.Module._resolveFilename (internal/modules/cjs/loader.js:902:15)
    at Module.Hook._require.Module.require (/usr/lib/node_modules/pm2/node_modules/require-in-the-middle/index.js:61:29)
    at require (internal/modules/cjs/helpers.js:93:18)
    at Object.<anonymous> (/home/projects/CivitasLiteMini/Server/server.js:8:14)
    at Module._compile (internal/modules/cjs/loader.js:1085:14)
    at Object.Module._extensions..js (internal/modules/cjs/loader.js:1114:10)
    at Module.load (internal/modules/cjs/loader.js:950:32)
    at Function.Module._load (internal/modules/cjs/loader.js:790:12)
    at Object.<anonymous> (/usr/lib/node_modules/pm2/lib/ProcessContainerFork.js:33:23)
    at Module._compile (internal/modules/cjs/loader.js:1085:14) {
  code: 'MODULE_NOT_FOUND',
  requireStack: [ '/home/projects/CivitasLiteMini/Server/server.js' ]
}
Error: Cannot find module 'node-cron'
Require stack:
- /home/projects/CivitasLiteMini/Server/server.js
    at Function.Module._resolveFilename (internal/modules/cjs/loader.js:902:15)
    at Module.Hook._require.Module.require (/usr/lib/node_modules/pm2/node_modules/require-in-the-middle/index.js:61:29)
    at require (internal/modules/cjs/helpers.js:93:18)
    at Object.<anonymous> (/home/projects/CivitasLiteMini/Server/server.js:8:14)
    at Module._compile (internal/modules/cjs/loader.js:1085:14)
    at Object.Module._extensions..js (internal/modules/cjs/loader.js:1114:10)
    at Module.load (internal/modules/cjs/loader.js:950:32)
    at Function.Module._load (internal/modules/cjs/loader.js:790:12)
    at Object.<anonymous> (/usr/lib/node_modules/pm2/lib/ProcessContainerFork.js:33:23)
    at Module._compile (internal/modules/cjs/loader.js:1085:14) {
  code: 'MODULE_NOT_FOUND',
  requireStack: [ '/home/projects/CivitasLiteMini/Server/server.js' ]
}
Error: Cannot find module 'node-cron'
Require stack:
- /home/projects/CivitasLiteMini/Server/server.js
    at Function.Module._resolveFilename (internal/modules/cjs/loader.js:902:15)
    at Module.Hook._require.Module.require (/usr/lib/node_modules/pm2/node_modules/require-in-the-middle/index.js:61:29)
    at require (internal/modules/cjs/helpers.js:93:18)
    at Object.<anonymous> (/home/projects/CivitasLiteMini/Server/server.js:8:14)
    at Module._compile (internal/modules/cjs/loader.js:1085:14)
    at Object.Module._extensions..js (internal/modules/cjs/loader.js:1114:10)
    at Module.load (internal/modules/cjs/loader.js:950:32)
    at Function.Module._load (internal/modules/cjs/loader.js:790:12)
    at Object.<anonymous> (/usr/lib/node_modules/pm2/lib/ProcessContainerFork.js:33:23)
    at Module._compile (internal/modules/cjs/loader.js:1085:14) {
  code: 'MODULE_NOT_FOUND',
  requireStack: [ '/home/projects/CivitasLiteMini/Server/server.js' ]
}
Error: Cannot find module 'node-cron'
Require stack:
- /home/projects/CivitasLiteMini/Server/server.js
    at Function.Module._resolveFilename (internal/modules/cjs/loader.js:902:15)
    at Module.Hook._require.Module.require (/usr/lib/node_modules/pm2/node_modules/require-in-the-middle/index.js:61:29)
    at require (internal/modules/cjs/helpers.js:93:18)
    at Object.<anonymous> (/home/projects/CivitasLiteMini/Server/server.js:8:14)
    at Module._compile (internal/modules/cjs/loader.js:1085:14)
    at Object.Module._extensions..js (internal/modules/cjs/loader.js:1114:10)
    at Module.load (internal/modules/cjs/loader.js:950:32)
    at Function.Module._load (internal/modules/cjs/loader.js:790:12)
    at Object.<anonymous> (/usr/lib/node_modules/pm2/lib/ProcessContainerFork.js:33:23)
    at Module._compile (internal/modules/cjs/loader.js:1085:14) {
  code: 'MODULE_NOT_FOUND',
  requireStack: [ '/home/projects/CivitasLiteMini/Server/server.js' ]
}
Error: Cannot find module 'node-cron'
Require stack:
- /home/projects/CivitasLiteMini/Server/server.js
    at Function.Module._resolveFilename (internal/modules/cjs/loader.js:902:15)
    at Module.Hook._require.Module.require (/usr/lib/node_modules/pm2/node_modules/require-in-the-middle/index.js:61:29)
    at require (internal/modules/cjs/helpers.js:93:18)
    at Object.<anonymous> (/home/projects/CivitasLiteMini/Server/server.js:8:14)
    at Module._compile (internal/modules/cjs/loader.js:1085:14)
    at Object.Module._extensions..js (internal/modules/cjs/loader.js:1114:10)
    at Module.load (internal/modules/cjs/loader.js:950:32)
    at Function.Module._load (internal/modules/cjs/loader.js:790:12)
    at Object.<anonymous> (/usr/lib/node_modules/pm2/lib/ProcessContainerFork.js:33:23)
    at Module._compile (internal/modules/cjs/loader.js:1085:14) {
  code: 'MODULE_NOT_FOUND',
  requireStack: [ '/home/projects/CivitasLiteMini/Server/server.js' ]
}
Error: Cannot find module 'node-cron'
Require stack:
- /home/projects/CivitasLiteMini/Server/server.js
    at Function.Module._resolveFilename (internal/modules/cjs/loader.js:902:15)
    at Module.Hook._require.Module.require (/usr/lib/node_modules/pm2/node_modules/require-in-the-middle/index.js:61:29)
    at require (internal/modules/cjs/helpers.js:93:18)
    at Object.<anonymous> (/home/projects/CivitasLiteMini/Server/server.js:8:14)
    at Module._compile (internal/modules/cjs/loader.js:1085:14)
    at Object.Module._extensions..js (internal/modules/cjs/loader.js:1114:10)
    at Module.load (internal/modules/cjs/loader.js:950:32)
    at Function.Module._load (internal/modules/cjs/loader.js:790:12)
    at Object.<anonymous> (/usr/lib/node_modules/pm2/lib/ProcessContainerFork.js:33:23)
    at Module._compile (internal/modules/cjs/loader.js:1085:14) {
  code: 'MODULE_NOT_FOUND',
  requireStack: [ '/home/projects/CivitasLiteMini/Server/server.js' ]
}
Error: Cannot find module 'node-cron'
Require stack:
- /home/projects/CivitasLiteMini/Server/server.js
    at Function.Module._resolveFilename (internal/modules/cjs/loader.js:902:15)
    at Module.Hook._require.Module.require (/usr/lib/node_modules/pm2/node_modules/require-in-the-middle/index.js:61:29)
    at require (internal/modules/cjs/helpers.js:93:18)
    at Object.<anonymous> (/home/projects/CivitasLiteMini/Server/server.js:8:14)
    at Module._compile (internal/modules/cjs/loader.js:1085:14)
    at Object.Module._extensions..js (internal/modules/cjs/loader.js:1114:10)
    at Module.load (internal/modules/cjs/loader.js:950:32)
    at Function.Module._load (internal/modules/cjs/loader.js:790:12)
    at Object.<anonymous> (/usr/lib/node_modules/pm2/lib/ProcessContainerFork.js:33:23)
    at Module._compile (internal/modules/cjs/loader.js:1085:14) {
  code: 'MODULE_NOT_FOUND',
  requireStack: [ '/home/projects/CivitasLiteMini/Server/server.js' ]
}
Error: Cannot find module 'node-cron'
Require stack:
- /home/projects/CivitasLiteMini/Server/server.js
    at Function.Module._resolveFilename (internal/modules/cjs/loader.js:902:15)
    at Module.Hook._require.Module.require (/usr/lib/node_modules/pm2/node_modules/require-in-the-middle/index.js:61:29)
    at require (internal/modules/cjs/helpers.js:93:18)
    at Object.<anonymous> (/home/projects/CivitasLiteMini/Server/server.js:8:14)
    at Module._compile (internal/modules/cjs/loader.js:1085:14)
    at Object.Module._extensions..js (internal/modules/cjs/loader.js:1114:10)
    at Module.load (internal/modules/cjs/loader.js:950:32)
    at Function.Module._load (internal/modules/cjs/loader.js:790:12)
    at Object.<anonymous> (/usr/lib/node_modules/pm2/lib/ProcessContainerFork.js:33:23)
    at Module._compile (internal/modules/cjs/loader.js:1085:14) {
  code: 'MODULE_NOT_FOUND',
  requireStack: [ '/home/projects/CivitasLiteMini/Server/server.js' ]
}
Error: Cannot find module 'node-cron'
Require stack:
- /home/projects/CivitasLiteMini/Server/server.js
    at Function.Module._resolveFilename (internal/modules/cjs/loader.js:902:15)
    at Module.Hook._require.Module.require (/usr/lib/node_modules/pm2/node_modules/require-in-the-middle/index.js:61:29)
    at require (internal/modules/cjs/helpers.js:93:18)
    at Object.<anonymous> (/home/projects/CivitasLiteMini/Server/server.js:8:14)
    at Module._compile (internal/modules/cjs/loader.js:1085:14)
    at Object.Module._extensions..js (internal/modules/cjs/loader.js:1114:10)
    at Module.load (internal/modules/cjs/loader.js:950:32)
    at Function.Module._load (internal/modules/cjs/loader.js:790:12)
    at Object.<anonymous> (/usr/lib/node_modules/pm2/lib/ProcessContainerFork.js:33:23)
    at Module._compile (internal/modules/cjs/loader.js:1085:14) {
  code: 'MODULE_NOT_FOUND',
  requireStack: [ '/home/projects/CivitasLiteMini/Server/server.js' ]
}
Error: Cannot find module 'node-cron'
Require stack:
- /home/projects/CivitasLiteMini/Server/server.js
    at Function.Module._resolveFilename (internal/modules/cjs/loader.js:902:15)
    at Module.Hook._require.Module.require (/usr/lib/node_modules/pm2/node_modules/require-in-the-middle/index.js:61:29)
    at require (internal/modules/cjs/helpers.js:93:18)
    at Object.<anonymous> (/home/projects/CivitasLiteMini/Server/server.js:8:14)
    at Module._compile (internal/modules/cjs/loader.js:1085:14)
    at Object.Module._extensions..js (internal/modules/cjs/loader.js:1114:10)
    at Module.load (internal/modules/cjs/loader.js:950:32)
    at Function.Module._load (internal/modules/cjs/loader.js:790:12)
    at Object.<anonymous> (/usr/lib/node_modules/pm2/lib/ProcessContainerFork.js:33:23)
    at Module._compile (internal/modules/cjs/loader.js:1085:14) {
  code: 'MODULE_NOT_FOUND',
  requireStack: [ '/home/projects/CivitasLiteMini/Server/server.js' ]
}
Error: Cannot find module 'node-cron'
Require stack:
- /home/projects/CivitasLiteMini/Server/server.js
    at Function.Module._resolveFilename (internal/modules/cjs/loader.js:902:15)
    at Module.Hook._require.Module.require (/usr/lib/node_modules/pm2/node_modules/require-in-the-middle/index.js:61:29)
    at require (internal/modules/cjs/helpers.js:93:18)
    at Object.<anonymous> (/home/projects/CivitasLiteMini/Server/server.js:8:14)
    at Module._compile (internal/modules/cjs/loader.js:1085:14)
    at Object.Module._extensions..js (internal/modules/cjs/loader.js:1114:10)
    at Module.load (internal/modules/cjs/loader.js:950:32)
    at Function.Module._load (internal/modules/cjs/loader.js:790:12)
    at Object.<anonymous> (/usr/lib/node_modules/pm2/lib/ProcessContainerFork.js:33:23)
    at Module._compile (internal/modules/cjs/loader.js:1085:14) {
  code: 'MODULE_NOT_FOUND',
  requireStack: [ '/home/projects/CivitasLiteMini/Server/server.js' ]
}
Error: Cannot find module 'node-cron'
Require stack:
- /home/projects/CivitasLiteMini/Server/server.js
    at Function.Module._resolveFilename (internal/modules/cjs/loader.js:902:15)
    at Module.Hook._require.Module.require (/usr/lib/node_modules/pm2/node_modules/require-in-the-middle/index.js:61:29)
    at require (internal/modules/cjs/helpers.js:93:18)
    at Object.<anonymous> (/home/projects/CivitasLiteMini/Server/server.js:8:14)
    at Module._compile (internal/modules/cjs/loader.js:1085:14)
    at Object.Module._extensions..js (internal/modules/cjs/loader.js:1114:10)
    at Module.load (internal/modules/cjs/loader.js:950:32)
    at Function.Module._load (internal/modules/cjs/loader.js:790:12)
    at Object.<anonymous> (/usr/lib/node_modules/pm2/lib/ProcessContainerFork.js:33:23)
    at Module._compile (internal/modules/cjs/loader.js:1085:14) {
  code: 'MODULE_NOT_FOUND',
  requireStack: [ '/home/projects/CivitasLiteMini/Server/server.js' ]
}
Error: Cannot find module 'node-cron'
Require stack:
- /home/projects/CivitasLiteMini/Server/server.js
    at Function.Module._resolveFilename (internal/modules/cjs/loader.js:902:15)
    at Module.Hook._require.Module.require (/usr/lib/node_modules/pm2/node_modules/require-in-the-middle/index.js:61:29)
    at require (internal/modules/cjs/helpers.js:93:18)
    at Object.<anonymous> (/home/projects/CivitasLiteMini/Server/server.js:8:14)
    at Module._compile (internal/modules/cjs/loader.js:1085:14)
    at Object.Module._extensions..js (internal/modules/cjs/loader.js:1114:10)
    at Module.load (internal/modules/cjs/loader.js:950:32)
    at Function.Module._load (internal/modules/cjs/loader.js:790:12)
    at Object.<anonymous> (/usr/lib/node_modules/pm2/lib/ProcessContainerFork.js:33:23)
    at Module._compile (internal/modules/cjs/loader.js:1085:14) {
  code: 'MODULE_NOT_FOUND',
  requireStack: [ '/home/projects/CivitasLiteMini/Server/server.js' ]
}
Error: Cannot find module 'node-cron'
Require stack:
- /home/projects/CivitasLiteMini/Server/server.js
    at Function.Module._resolveFilename (internal/modules/cjs/loader.js:902:15)
    at Module.Hook._require.Module.require (/usr/lib/node_modules/pm2/node_modules/require-in-the-middle/index.js:61:29)
    at require (internal/modules/cjs/helpers.js:93:18)
    at Object.<anonymous> (/home/projects/CivitasLiteMini/Server/server.js:8:14)
    at Module._compile (internal/modules/cjs/loader.js:1085:14)
    at Object.Module._extensions..js (internal/modules/cjs/loader.js:1114:10)
    at Module.load (internal/modules/cjs/loader.js:950:32)
    at Function.Module._load (internal/modules/cjs/loader.js:790:12)
    at Object.<anonymous> (/usr/lib/node_modules/pm2/lib/ProcessContainerFork.js:33:23)
    at Module._compile (internal/modules/cjs/loader.js:1085:14) {
  code: 'MODULE_NOT_FOUND',
  requireStack: [ '/home/projects/CivitasLiteMini/Server/server.js' ]
}
Error: Cannot find module 'node-cron'
Require stack:
- /home/projects/CivitasLiteMini/Server/server.js
    at Function.Module._resolveFilename (internal/modules/cjs/loader.js:902:15)
    at Module.Hook._require.Module.require (/usr/lib/node_modules/pm2/node_modules/require-in-the-middle/index.js:61:29)
    at require (internal/modules/cjs/helpers.js:93:18)
    at Object.<anonymous> (/home/projects/CivitasLiteMini/Server/server.js:8:14)
    at Module._compile (internal/modules/cjs/loader.js:1085:14)
    at Object.Module._extensions..js (internal/modules/cjs/loader.js:1114:10)
    at Module.load (internal/modules/cjs/loader.js:950:32)
    at Function.Module._load (internal/modules/cjs/loader.js:790:12)
    at Object.<anonymous> (/usr/lib/node_modules/pm2/lib/ProcessContainerFork.js:33:23)
    at Module._compile (internal/modules/cjs/loader.js:1085:14) {
  code: 'MODULE_NOT_FOUND',
  requireStack: [ '/home/projects/CivitasLiteMini/Server/server.js' ]
}
Error: Cannot find module 'node-cron'
Require stack:
- /home/projects/CivitasLiteMini/Server/server.js
    at Function.Module._resolveFilename (internal/modules/cjs/loader.js:902:15)
    at Module.Hook._require.Module.require (/usr/lib/node_modules/pm2/node_modules/require-in-the-middle/index.js:61:29)
    at require (internal/modules/cjs/helpers.js:93:18)
    at Object.<anonymous> (/home/projects/CivitasLiteMini/Server/server.js:8:14)
    at Module._compile (internal/modules/cjs/loader.js:1085:14)
    at Object.Module._extensions..js (internal/modules/cjs/loader.js:1114:10)
    at Module.load (internal/modules/cjs/loader.js:950:32)
    at Function.Module._load (internal/modules/cjs/loader.js:790:12)
    at Object.<anonymous> (/usr/lib/node_modules/pm2/lib/ProcessContainerFork.js:33:23)
    at Module._compile (internal/modules/cjs/loader.js:1085:14) {
  code: 'MODULE_NOT_FOUND',
  requireStack: [ '/home/projects/CivitasLiteMini/Server/server.js' ]
}
Error: Cannot find module 'node-cron'
Require stack:
- /home/projects/CivitasLiteMini/Server/server.js
    at Function.Module._resolveFilename (internal/modules/cjs/loader.js:902:15)
    at Module.Hook._require.Module.require (/usr/lib/node_modules/pm2/node_modules/require-in-the-middle/index.js:61:29)
    at require (internal/modules/cjs/helpers.js:93:18)
    at Object.<anonymous> (/home/projects/CivitasLiteMini/Server/server.js:8:14)
    at Module._compile (internal/modules/cjs/loader.js:1085:14)
    at Object.Module._extensions..js (internal/modules/cjs/loader.js:1114:10)
    at Module.load (internal/modules/cjs/loader.js:950:32)
    at Function.Module._load (internal/modules/cjs/loader.js:790:12)
    at Object.<anonymous> (/usr/lib/node_modules/pm2/lib/ProcessContainerFork.js:33:23)
    at Module._compile (internal/modules/cjs/loader.js:1085:14) {
  code: 'MODULE_NOT_FOUND',
  requireStack: [ '/home/projects/CivitasLiteMini/Server/server.js' ]
}
Error: Cannot find module 'node-cron'
Require stack:
- /home/projects/CivitasLiteMini/Server/server.js
    at Function.Module._resolveFilename (internal/modules/cjs/loader.js:902:15)
    at Module.Hook._require.Module.require (/usr/lib/node_modules/pm2/node_modules/require-in-the-middle/index.js:61:29)
    at require (internal/modules/cjs/helpers.js:93:18)
    at Object.<anonymous> (/home/projects/CivitasLiteMini/Server/server.js:8:14)
    at Module._compile (internal/modules/cjs/loader.js:1085:14)
    at Object.Module._extensions..js (internal/modules/cjs/loader.js:1114:10)
    at Module.load (internal/modules/cjs/loader.js:950:32)
    at Function.Module._load (internal/modules/cjs/loader.js:790:12)
    at Object.<anonymous> (/usr/lib/node_modules/pm2/lib/ProcessContainerFork.js:33:23)
    at Module._compile (internal/modules/cjs/loader.js:1085:14) {
  code: 'MODULE_NOT_FOUND',
  requireStack: [ '/home/projects/CivitasLiteMini/Server/server.js' ]
}
Error: Cannot find module 'node-cron'
Require stack:
- /home/projects/CivitasLiteMini/Server/server.js
    at Function.Module._resolveFilename (internal/modules/cjs/loader.js:902:15)
    at Module.Hook._require.Module.require (/usr/lib/node_modules/pm2/node_modules/require-in-the-middle/index.js:61:29)
    at require (internal/modules/cjs/helpers.js:93:18)
    at Object.<anonymous> (/home/projects/CivitasLiteMini/Server/server.js:8:14)
    at Module._compile (internal/modules/cjs/loader.js:1085:14)
    at Object.Module._extensions..js (internal/modules/cjs/loader.js:1114:10)
    at Module.load (internal/modules/cjs/loader.js:950:32)
    at Function.Module._load (internal/modules/cjs/loader.js:790:12)
    at Object.<anonymous> (/usr/lib/node_modules/pm2/lib/ProcessContainerFork.js:33:23)
    at Module._compile (internal/modules/cjs/loader.js:1085:14) {
  code: 'MODULE_NOT_FOUND',
  requireStack: [ '/home/projects/CivitasLiteMini/Server/server.js' ]
}
Error: Cannot find module 'node-cron'
Require stack:
- /home/projects/CivitasLiteMini/Server/server.js
    at Function.Module._resolveFilename (internal/modules/cjs/loader.js:902:15)
    at Module.Hook._require.Module.require (/usr/lib/node_modules/pm2/node_modules/require-in-the-middle/index.js:61:29)
    at require (internal/modules/cjs/helpers.js:93:18)
    at Object.<anonymous> (/home/projects/CivitasLiteMini/Server/server.js:8:14)
    at Module._compile (internal/modules/cjs/loader.js:1085:14)
    at Object.Module._extensions..js (internal/modules/cjs/loader.js:1114:10)
    at Module.load (internal/modules/cjs/loader.js:950:32)
    at Function.Module._load (internal/modules/cjs/loader.js:790:12)
    at Object.<anonymous> (/usr/lib/node_modules/pm2/lib/ProcessContainerFork.js:33:23)
    at Module._compile (internal/modules/cjs/loader.js:1085:14) {
  code: 'MODULE_NOT_FOUND',
  requireStack: [ '/home/projects/CivitasLiteMini/Server/server.js' ]
}
Error: Cannot find module 'node-cron'
Require stack:
- /home/projects/CivitasLiteMini/Server/server.js
    at Function.Module._resolveFilename (internal/modules/cjs/loader.js:902:15)
    at Module.Hook._require.Module.require (/usr/lib/node_modules/pm2/node_modules/require-in-the-middle/index.js:61:29)
    at require (internal/modules/cjs/helpers.js:93:18)
    at Object.<anonymous> (/home/projects/CivitasLiteMini/Server/server.js:8:14)
    at Module._compile (internal/modules/cjs/loader.js:1085:14)
    at Object.Module._extensions..js (internal/modules/cjs/loader.js:1114:10)
    at Module.load (internal/modules/cjs/loader.js:950:32)
    at Function.Module._load (internal/modules/cjs/loader.js:790:12)
    at Object.<anonymous> (/usr/lib/node_modules/pm2/lib/ProcessContainerFork.js:33:23)
    at Module._compile (internal/modules/cjs/loader.js:1085:14) {
  code: 'MODULE_NOT_FOUND',
  requireStack: [ '/home/projects/CivitasLiteMini/Server/server.js' ]
}
Error: Cannot find module 'node-cron'
Require stack:
- /home/projects/CivitasLiteMini/Server/server.js
    at Function.Module._resolveFilename (internal/modules/cjs/loader.js:902:15)
    at Module.Hook._require.Module.require (/usr/lib/node_modules/pm2/node_modules/require-in-the-middle/index.js:61:29)
    at require (internal/modules/cjs/helpers.js:93:18)
    at Object.<anonymous> (/home/projects/CivitasLiteMini/Server/server.js:8:14)
    at Module._compile (internal/modules/cjs/loader.js:1085:14)
    at Object.Module._extensions..js (internal/modules/cjs/loader.js:1114:10)
    at Module.load (internal/modules/cjs/loader.js:950:32)
    at Function.Module._load (internal/modules/cjs/loader.js:790:12)
    at Object.<anonymous> (/usr/lib/node_modules/pm2/lib/ProcessContainerFork.js:33:23)
    at Module._compile (internal/modules/cjs/loader.js:1085:14) {
  code: 'MODULE_NOT_FOUND',
  requireStack: [ '/home/projects/CivitasLiteMini/Server/server.js' ]
}
Error: Cannot find module 'node-cron'
Require stack:
- /home/projects/CivitasLiteMini/Server/server.js
    at Function.Module._resolveFilename (internal/modules/cjs/loader.js:902:15)
    at Module.Hook._require.Module.require (/usr/lib/node_modules/pm2/node_modules/require-in-the-middle/index.js:61:29)
    at require (internal/modules/cjs/helpers.js:93:18)
    at Object.<anonymous> (/home/projects/CivitasLiteMini/Server/server.js:8:14)
    at Module._compile (internal/modules/cjs/loader.js:1085:14)
    at Object.Module._extensions..js (internal/modules/cjs/loader.js:1114:10)
    at Module.load (internal/modules/cjs/loader.js:950:32)
    at Function.Module._load (internal/modules/cjs/loader.js:790:12)
    at Object.<anonymous> (/usr/lib/node_modules/pm2/lib/ProcessContainerFork.js:33:23)
    at Module._compile (internal/modules/cjs/loader.js:1085:14) {
  code: 'MODULE_NOT_FOUND',
  requireStack: [ '/home/projects/CivitasLiteMini/Server/server.js' ]
}
Error: Cannot find module 'node-cron'
Require stack:
- /home/projects/CivitasLiteMini/Server/server.js
    at Function.Module._resolveFilename (internal/modules/cjs/loader.js:902:15)
    at Module.Hook._require.Module.require (/usr/lib/node_modules/pm2/node_modules/require-in-the-middle/index.js:61:29)
    at require (internal/modules/cjs/helpers.js:93:18)
    at Object.<anonymous> (/home/projects/CivitasLiteMini/Server/server.js:8:14)
    at Module._compile (internal/modules/cjs/loader.js:1085:14)
    at Object.Module._extensions..js (internal/modules/cjs/loader.js:1114:10)
    at Module.load (internal/modules/cjs/loader.js:950:32)
    at Function.Module._load (internal/modules/cjs/loader.js:790:12)
    at Object.<anonymous> (/usr/lib/node_modules/pm2/lib/ProcessContainerFork.js:33:23)
    at Module._compile (internal/modules/cjs/loader.js:1085:14) {
  code: 'MODULE_NOT_FOUND',
  requireStack: [ '/home/projects/CivitasLiteMini/Server/server.js' ]
}
Error: Cannot find module 'node-cron'
Require stack:
- /home/projects/CivitasLiteMini/Server/server.js
    at Function.Module._resolveFilename (internal/modules/cjs/loader.js:902:15)
    at Module.Hook._require.Module.require (/usr/lib/node_modules/pm2/node_modules/require-in-the-middle/index.js:61:29)
    at require (internal/modules/cjs/helpers.js:93:18)
    at Object.<anonymous> (/home/projects/CivitasLiteMini/Server/server.js:8:14)
    at Module._compile (internal/modules/cjs/loader.js:1085:14)
    at Object.Module._extensions..js (internal/modules/cjs/loader.js:1114:10)
    at Module.load (internal/modules/cjs/loader.js:950:32)
    at Function.Module._load (internal/modules/cjs/loader.js:790:12)
    at Object.<anonymous> (/usr/lib/node_modules/pm2/lib/ProcessContainerFork.js:33:23)
    at Module._compile (internal/modules/cjs/loader.js:1085:14) {
  code: 'MODULE_NOT_FOUND',
  requireStack: [ '/home/projects/CivitasLiteMini/Server/server.js' ]
}
Error: Cannot find module 'node-cron'
Require stack:
- /home/projects/CivitasLiteMini/Server/server.js
    at Function.Module._resolveFilename (internal/modules/cjs/loader.js:902:15)
    at Module.Hook._require.Module.require (/usr/lib/node_modules/pm2/node_modules/require-in-the-middle/index.js:61:29)
    at require (internal/modules/cjs/helpers.js:93:18)
    at Object.<anonymous> (/home/projects/CivitasLiteMini/Server/server.js:8:14)
    at Module._compile (internal/modules/cjs/loader.js:1085:14)
    at Object.Module._extensions..js (internal/modules/cjs/loader.js:1114:10)
    at Module.load (internal/modules/cjs/loader.js:950:32)
    at Function.Module._load (internal/modules/cjs/loader.js:790:12)
    at Object.<anonymous> (/usr/lib/node_modules/pm2/lib/ProcessContainerFork.js:33:23)
    at Module._compile (internal/modules/cjs/loader.js:1085:14) {
  code: 'MODULE_NOT_FOUND',
  requireStack: [ '/home/projects/CivitasLiteMini/Server/server.js' ]
}
Error: Cannot find module 'node-cron'
Require stack:
- /home/projects/CivitasLiteMini/Server/server.js
    at Function.Module._resolveFilename (internal/modules/cjs/loader.js:902:15)
    at Module.Hook._require.Module.require (/usr/lib/node_modules/pm2/node_modules/require-in-the-middle/index.js:61:29)
    at require (internal/modules/cjs/helpers.js:93:18)
    at Object.<anonymous> (/home/projects/CivitasLiteMini/Server/server.js:8:14)
    at Module._compile (internal/modules/cjs/loader.js:1085:14)
    at Object.Module._extensions..js (internal/modules/cjs/loader.js:1114:10)
    at Module.load (internal/modules/cjs/loader.js:950:32)
    at Function.Module._load (internal/modules/cjs/loader.js:790:12)
    at Object.<anonymous> (/usr/lib/node_modules/pm2/lib/ProcessContainerFork.js:33:23)
    at Module._compile (internal/modules/cjs/loader.js:1085:14) {
  code: 'MODULE_NOT_FOUND',
  requireStack: [ '/home/projects/CivitasLiteMini/Server/server.js' ]
}
Error: Cannot find module 'node-cron'
Require stack:
- /home/projects/CivitasLiteMini/Server/server.js
    at Function.Module._resolveFilename (internal/modules/cjs/loader.js:902:15)
    at Module.Hook._require.Module.require (/usr/lib/node_modules/pm2/node_modules/require-in-the-middle/index.js:61:29)
    at require (internal/modules/cjs/helpers.js:93:18)
    at Object.<anonymous> (/home/projects/CivitasLiteMini/Server/server.js:8:14)
    at Module._compile (internal/modules/cjs/loader.js:1085:14)
    at Object.Module._extensions..js (internal/modules/cjs/loader.js:1114:10)
    at Module.load (internal/modules/cjs/loader.js:950:32)
    at Function.Module._load (internal/modules/cjs/loader.js:790:12)
    at Object.<anonymous> (/usr/lib/node_modules/pm2/lib/ProcessContainerFork.js:33:23)
    at Module._compile (internal/modules/cjs/loader.js:1085:14) {
  code: 'MODULE_NOT_FOUND',
  requireStack: [ '/home/projects/CivitasLiteMini/Server/server.js' ]
}
Error: Cannot find module 'node-cron'
Require stack:
- /home/projects/CivitasLiteMini/Server/server.js
    at Function.Module._resolveFilename (internal/modules/cjs/loader.js:902:15)
    at Module.Hook._require.Module.require (/usr/lib/node_modules/pm2/node_modules/require-in-the-middle/index.js:61:29)
    at require (internal/modules/cjs/helpers.js:93:18)
    at Object.<anonymous> (/home/projects/CivitasLiteMini/Server/server.js:8:14)
    at Module._compile (internal/modules/cjs/loader.js:1085:14)
    at Object.Module._extensions..js (internal/modules/cjs/loader.js:1114:10)
    at Module.load (internal/modules/cjs/loader.js:950:32)
    at Function.Module._load (internal/modules/cjs/loader.js:790:12)
    at Object.<anonymous> (/usr/lib/node_modules/pm2/lib/ProcessContainerFork.js:33:23)
    at Module._compile (internal/modules/cjs/loader.js:1085:14) {
  code: 'MODULE_NOT_FOUND',
  requireStack: [ '/home/projects/CivitasLiteMini/Server/server.js' ]
}
Error: Cannot find module 'node-cron'
Require stack:
- /home/projects/CivitasLiteMini/Server/server.js
    at Function.Module._resolveFilename (internal/modules/cjs/loader.js:902:15)
    at Module.Hook._require.Module.require (/usr/lib/node_modules/pm2/node_modules/require-in-the-middle/index.js:61:29)
    at require (internal/modules/cjs/helpers.js:93:18)
    at Object.<anonymous> (/home/projects/CivitasLiteMini/Server/server.js:8:14)
    at Module._compile (internal/modules/cjs/loader.js:1085:14)
    at Object.Module._extensions..js (internal/modules/cjs/loader.js:1114:10)
    at Module.load (internal/modules/cjs/loader.js:950:32)
    at Function.Module._load (internal/modules/cjs/loader.js:790:12)
    at Object.<anonymous> (/usr/lib/node_modules/pm2/lib/ProcessContainerFork.js:33:23)
    at Module._compile (internal/modules/cjs/loader.js:1085:14) {
  code: 'MODULE_NOT_FOUND',
  requireStack: [ '/home/projects/CivitasLiteMini/Server/server.js' ]
}
Error: Cannot find module 'node-cron'
Require stack:
- /home/projects/CivitasLiteMini/Server/server.js
    at Function.Module._resolveFilename (internal/modules/cjs/loader.js:902:15)
    at Module.Hook._require.Module.require (/usr/lib/node_modules/pm2/node_modules/require-in-the-middle/index.js:61:29)
    at require (internal/modules/cjs/helpers.js:93:18)
    at Object.<anonymous> (/home/projects/CivitasLiteMini/Server/server.js:8:14)
    at Module._compile (internal/modules/cjs/loader.js:1085:14)
    at Object.Module._extensions..js (internal/modules/cjs/loader.js:1114:10)
    at Module.load (internal/modules/cjs/loader.js:950:32)
    at Function.Module._load (internal/modules/cjs/loader.js:790:12)
    at Object.<anonymous> (/usr/lib/node_modules/pm2/lib/ProcessContainerFork.js:33:23)
    at Module._compile (internal/modules/cjs/loader.js:1085:14) {
  code: 'MODULE_NOT_FOUND',
  requireStack: [ '/home/projects/CivitasLiteMini/Server/server.js' ]
}
Error: Cannot find module 'node-cron'
Require stack:
- /home/projects/CivitasLiteMini/Server/server.js
    at Function.Module._resolveFilename (internal/modules/cjs/loader.js:902:15)
    at Module.Hook._require.Module.require (/usr/lib/node_modules/pm2/node_modules/require-in-the-middle/index.js:61:29)
    at require (internal/modules/cjs/helpers.js:93:18)
    at Object.<anonymous> (/home/projects/CivitasLiteMini/Server/server.js:8:14)
    at Module._compile (internal/modules/cjs/loader.js:1085:14)
    at Object.Module._extensions..js (internal/modules/cjs/loader.js:1114:10)
    at Module.load (internal/modules/cjs/loader.js:950:32)
    at Function.Module._load (internal/modules/cjs/loader.js:790:12)
    at Object.<anonymous> (/usr/lib/node_modules/pm2/lib/ProcessContainerFork.js:33:23)
    at Module._compile (internal/modules/cjs/loader.js:1085:14) {
  code: 'MODULE_NOT_FOUND',
  requireStack: [ '/home/projects/CivitasLiteMini/Server/server.js' ]
}
